[11:26:28.153] === GivEnergy connection diagnostic ===
[11:26:28.154] Target:        192.168.68.62:8899
[11:26:28.154] Mode:          NORMAL (poke-and-listen)
[11:26:28.154] Heartbeat ACK: ON (dummy serial)
[11:26:28.154] Raw bytes:     capture_20260610_112628.bin
[11:26:28.154] Ctrl+C to stop. Type a note + Enter to mark an event.
[11:26:28.155] ----------------------------------------------------------------
[11:26:28.161] Connecting to 192.168.68.62:8899 ...
[11:26:28.254] Connected.
[11:26:28.255] POKES sent (IR)
[11:26:28.460] FRAME #1 len=164 func=02
      0000  59 59 00 01 00 9e 01 02 57 4a 32 33 32 37 47 30   YY......WJ2327G0
      0010  37 33 00 00 00 00 00 00 00 8a 11 04 43 48 32 33   73..........CH23
      0020  32 37 47 30 37 33 00 00 00 3c 00 01 09 8d 00 00   27G073...<......
      0030  10 b8 00 00 09 8d 00 01 33 01 00 0a 00 00 00 07   ........3.......
      0040  00 02 05 93 13 96 00 05 0d 0f 03 e8 00 52 01 c7   .............R..
      0050  00 00 00 00 00 01 b3 6c 00 00 00 52 00 46 00 19   .......l...R.F..
      0060  00 00 a5 aa 02 00 00 04 02 20 00 00 c9 22 00 00   ......... ..."..
      0070  00 15 00 13 00 05 00 00 00 00 00 00 01 5e 02 3a   .............^.:
      0080  00 55 00 04 00 00 75 64 00 00 57 cb 00 01 82 99   .U....ud..W.....
      0090  00 27 00 84 09 8d 13 96 01 5e 00 dc 00 00 00 a0   .'.......^......
      00a0  00 62 52 a2                                       .bR.
[11:26:28.461] REPLY  slave=0x11  SOC=98%  solar=455W  home=570W  (gap:  0.0s, 0.2s after poke)
[11:26:28.461]   Register dump (slave=0x11 base=0 count=60):
[11:26:28.462]     r000=    1  r001= 2445  r003= 4280  r005= 2445  r006=    1  r007=13057
[11:26:28.462]     r008=   10  r010=    7  r011=    2  r012= 1427  r013= 5014  r014=    5  r015= 3343
[11:26:28.462]     r016= 1000  r017=   82  r018=  455  r021=    1  r022=45932
[11:26:28.462]     r024=   82  r025=   70  r026=   25  r028=42410  r029=  512  r030=    4  r031=  544
[11:26:28.463]     r033=51490  r035=   21  r036=   19  r037=    5
[11:26:28.463]     r041=  350  r042=  570  r043=   85  r044=    4  r046=30052
[11:26:28.463]     r048=22475  r049=    1  r050=33433  r051=   39  r052=  132  r053= 2445  r054= 5014  r055=  350
[11:26:28.463]     r056=  220  r058=  160  r059=   98
[11:26:28.463]   Non-zero registers: [0, 1, 3, 5, 6, 7, 8, 10, 11, 12, 13, 14, 15, 16, 17, 18, 21, 22, 24, 25, 26, 28, 29, 30, 31, 33, 35, 36, 37, 41, 42, 43, 44, 46, 48, 49, 50, 51, 52, 53, 54, 55, 56, 58, 59]
[11:26:38.495] POKES sent (IR)
[11:26:38.680] FRAME #2 len=164 func=02
      0000  59 59 00 01 00 9e 01 02 57 4a 32 33 32 37 47 30   YY......WJ2327G0
      0010  37 33 00 00 00 00 00 00 00 8a 11 04 43 48 32 33   73..........CH23
      0020  32 37 47 30 37 33 00 00 00 3c 00 01 09 87 00 00   27G073...<......
      0030  10 b8 00 00 09 87 00 01 33 01 00 0a 00 00 00 08   ........3.......
      0040  00 02 05 93 13 95 00 05 0d 0c 03 e8 00 52 01 c9   .............R..
      0050  00 00 00 00 00 01 b3 6c 00 00 00 5a 00 46 00 19   .......l...Z.F..
      0060  00 00 a5 aa 02 00 00 13 02 24 00 00 c9 22 00 00   .........$..."..
      0070  00 15 00 13 00 05 00 00 00 00 00 00 01 5a 02 11   .............Z..
      0080  00 6d 00 04 00 00 75 64 00 00 57 cb 00 01 82 7a   .m....ud..W....z
      0090  00 2b 00 8d 09 87 13 95 01 5a 00 dc 00 00 00 a0   .+.......Z......
      00a0  00 62 24 6b                                       .b$k
[11:26:38.680] REPLY  slave=0x11  SOC=98%  solar=457W  home=529W  (gap: 10.2s, 0.2s after poke)
[11:26:38.680]   Register dump (slave=0x11 base=0 count=60):
[11:26:38.681]     r000=    1  r001= 2439  r003= 4280  r005= 2439  r006=    1  r007=13057
[11:26:38.681]     r008=   10  r010=    8  r011=    2  r012= 1427  r013= 5013  r014=    5  r015= 3340
[11:26:38.681]     r016= 1000  r017=   82  r018=  457  r021=    1  r022=45932
[11:26:38.682]     r024=   90  r025=   70  r026=   25  r028=42410  r029=  512  r030=   19  r031=  548
[11:26:38.682]     r033=51490  r035=   21  r036=   19  r037=    5
[11:26:38.682]     r041=  346  r042=  529  r043=  109  r044=    4  r046=30052
[11:26:38.683]     r048=22475  r049=    1  r050=33402  r051=   43  r052=  141  r053= 2439  r054= 5013  r055=  346
[11:26:38.683]     r056=  220  r058=  160  r059=   98
[11:26:38.684]   Non-zero registers: [0, 1, 3, 5, 6, 7, 8, 10, 11, 12, 13, 14, 15, 16, 17, 18, 21, 22, 24, 25, 26, 28, 29, 30, 31, 33, 35, 36, 37, 41, 42, 43, 44, 46, 48, 49, 50, 51, 52, 53, 54, 55, 56, 58, 59]
[11:26:39.091] FRAME #3 len=164 func=02
      0000  59 59 00 01 00 9e 01 02 57 4a 32 33 32 37 47 30   YY......WJ2327G0
      0010  37 33 00 00 00 00 00 00 00 8a 11 04 43 48 32 33   73..........CH23
      0020  32 37 47 30 37 33 00 00 00 3c 00 01 09 88 00 00   27G073...<......
      0030  10 b8 00 00 09 88 00 01 33 01 00 0a 00 00 00 07   ........3.......
      0040  00 02 05 93 13 95 00 05 0d 0c 03 e8 00 52 01 c9   .............R..
      0050  00 00 00 00 00 01 b3 6c 00 00 00 5a 00 46 00 19   .......l...Z.F..
      0060  00 00 a5 aa 02 00 00 13 02 24 00 00 c9 22 00 00   .........$..."..
      0070  00 15 00 13 00 05 00 00 00 00 00 00 01 5a 02 11   .............Z..
      0080  00 5e 00 04 00 00 75 64 00 00 57 cb 00 01 82 7a   .^....ud..W....z
      0090  00 2b 00 8d 09 88 13 95 01 5a 00 dc 00 00 00 a0   .+.......Z......
      00a0  00 62 13 eb                                       .b..
[11:26:39.092] REPLY  slave=0x11  SOC=98%  solar=457W  home=529W  (gap:  0.4s, 0.6s after poke)
[11:26:39.092]   Register dump (slave=0x11 base=0 count=60):
[11:26:39.094]     r000=    1  r001= 2440  r003= 4280  r005= 2440  r006=    1  r007=13057
[11:26:39.094]     r008=   10  r010=    7  r011=    2  r012= 1427  r013= 5013  r014=    5  r015= 3340
[11:26:39.095]     r016= 1000  r017=   82  r018=  457  r021=    1  r022=45932
[11:26:39.095]     r024=   90  r025=   70  r026=   25  r028=42410  r029=  512  r030=   19  r031=  548
[11:26:39.096]     r033=51490  r035=   21  r036=   19  r037=    5
[11:26:39.096]     r041=  346  r042=  529  r043=   94  r044=    4  r046=30052
[11:26:39.097]     r048=22475  r049=    1  r050=33402  r051=   43  r052=  141  r053= 2440  r054= 5013  r055=  346
[11:26:39.097]     r056=  220  r058=  160  r059=   98
[11:26:39.098]   Non-zero registers: [0, 1, 3, 5, 6, 7, 8, 10, 11, 12, 13, 14, 15, 16, 17, 18, 21, 22, 24, 25, 26, 28, 29, 30, 31, 33, 35, 36, 37, 41, 42, 43, 44, 46, 48, 49, 50, 51, 52, 53, 54, 55, 56, 58, 59]
[11:26:39.401] FRAME #4 len=164 func=02
      0000  59 59 00 01 00 9e 01 02 57 4a 32 33 32 37 47 30   YY......WJ2327G0
      0010  37 33 00 00 00 00 00 00 00 8a 01 04 43 48 32 33   73..........CH23
      0020  32 37 47 30 37 33 00 3c 00 3c 00 00 00 00 00 00   27G073.<.<......
      0030  00 00 00 00 00 00 00 00 00 00 00 00 00 00 00 00   ................
      0040  00 00 00 00 00 00 00 00 00 00 00 00 00 00 00 00   ................
      0050  00 00 00 00 00 00 00 00 00 00 00 00 00 00 00 00   ................
      0060  00 00 00 00 00 00 00 00 00 00 00 00 00 00 00 00   ................
      0070  00 00 00 00 00 00 00 00 00 00 00 00 00 00 00 00   ................
      0080  00 00 00 00 00 00 00 00 00 00 00 00 00 00 00 00   ................
      0090  00 00 00 00 00 00 00 00 00 00 00 00 00 00 00 00   ................
      00a0  00 00 dc 44                                       ...D
[11:26:39.401] REPLY  slave=0x01  base=60  (gap:  0.3s, 0.9s after poke)
[11:26:39.401]   Register dump (slave=0x01 base=60 count=60):
[11:26:39.403]     (all registers are zero)
[11:26:39.706] FRAME #5 len=164 func=02
      0000  59 59 00 01 00 9e 01 02 57 4a 32 33 32 37 47 30   YY......WJ2327G0
      0010  37 33 00 00 00 00 00 00 00 8a 02 04 43 48 32 33   73..........CH23
      0020  32 37 47 30 37 33 00 3c 00 3c 00 00 00 00 00 00   27G073.<.<......
      0030  00 00 00 00 00 00 00 00 00 00 00 00 00 00 00 00   ................
      0040  00 00 00 00 00 00 00 00 00 00 00 00 00 00 00 00   ................
      0050  00 00 00 00 00 00 00 00 00 00 00 00 00 00 00 00   ................
      0060  00 00 00 00 00 00 00 00 00 00 00 00 00 00 00 00   ................
      0070  00 00 00 00 00 00 00 00 00 00 00 00 00 00 00 00   ................
      0080  00 00 00 00 00 00 00 00 00 00 00 00 00 00 00 00   ................
      0090  00 00 00 00 00 00 00 00 00 00 00 00 00 00 00 00   ................
      00a0  00 00 78 4a                                       ..xJ
[11:26:39.706] REPLY  slave=0x02  base=60  (gap:  0.3s, 1.2s after poke)
[11:26:39.707]   Register dump (slave=0x02 base=60 count=60):
[11:26:39.708]     (all registers are zero)
[11:26:40.011] FRAME #6 len=164 func=02
      0000  59 59 00 01 00 9e 01 02 57 4a 32 33 32 37 47 30   YY......WJ2327G0
      0010  37 33 00 00 00 00 00 00 00 8a 11 04 43 48 32 33   73..........CH23
      0020  32 37 47 30 37 33 00 b4 00 3c 00 00 00 00 00 00   27G073...<......
      0030  00 00 00 00 00 00 00 00 00 00 00 00 00 00 00 00   ................
      0040  00 00 00 00 00 00 00 00 90 1a 00 00 a2 e7 00 00   ................
      0050  00 00 00 00 00 00 00 00 00 00 00 00 00 00 00 00   ................
      0060  00 00 00 00 00 00 00 00 00 00 00 00 00 00 00 00   ................
      0070  00 00 00 00 00 00 00 00 00 00 00 00 00 00 00 00   ................
      0080  00 00 00 00 00 00 00 00 01 2c 00 00 00 00 00 00   .........,......
      0090  00 00 00 00 00 00 00 00 00 00 00 00 00 00 00 00   ................
      00a0  00 00 97 61                                       ...a
[11:26:40.012] REPLY  slave=0x11  base=180  (gap:  0.3s, 1.5s after poke)
[11:26:40.012]   Register dump (slave=0x11 base=180 count=60):
[11:26:40.016]     r015=36890
[11:26:40.018]     r017=41703
[11:26:40.020]     r047=  300
[11:26:40.022]   Non-zero registers: [15, 17, 47]
[11:26:40.286] FRAME #7 len=164 func=02
      0000  59 59 00 01 00 9e 01 02 57 4a 32 33 32 37 47 30   YY......WJ2327G0
      0010  37 33 00 00 00 00 00 00 00 8a a0 04 48 43 32 33   73..........HC23
      0020  32 37 47 30 37 33 00 3c 00 3c 00 00 00 01 00 04   27G073.<.<......
      0030  00 60 00 30 00 00 00 00 00 00 00 00 00 00 00 00   .`.0............
      0040  00 00 00 00 00 00 00 00 00 00 00 00 00 00 00 00   ................
      0050  00 00 00 00 00 00 00 00 00 00 00 00 00 00 00 00   ................
      0060  00 00 00 00 00 00 00 00 00 00 00 00 00 00 00 00   ................
      0070  00 00 00 00 00 00 00 00 00 00 00 00 00 00 00 00   ................
      0080  00 00 00 00 00 00 00 00 00 00 00 00 00 00 00 00   ................
      0090  00 00 00 00 00 00 00 00 00 00 00 00 00 00 00 00   ................
      00a0  00 00 71 48                                       ..qH
[11:26:40.287] REPLY  slave=0xa0  base=60  (gap:  0.3s, 1.8s after poke)
[11:26:40.287]   Register dump (slave=0xa0 base=60 count=60):
[11:26:40.288]     r001=    1  r002=    4  r003=   96  r004=   48
[11:26:40.289]   Non-zero registers: [1, 2, 3, 4]
[11:26:40.584] FRAME #8 len=164 func=02
      0000  59 59 00 01 00 9e 01 02 57 4a 32 33 32 37 47 30   YY......WJ2327G0
      0010  37 33 00 00 00 00 00 00 00 8a 70 04 48 43 32 33   73........p.HC23
      0020  32 37 47 30 37 33 00 3c 00 3c 42 41 41 41 00 00   27G073.<.<BAAA..
      0030  01 03 00 04 00 00 00 00 00 60 00 30 08 08 00 02   .........`.0....
      0040  00 00 00 00 0d 14 0d 11 00 00 ff fd 00 00 00 00   ................
      0050  00 00 62 60 00 62 00 00 83 f3 00 00 77 d2 00 00   ..b`.b......w...
      0060  cc 90 00 00 bc 6e 00 00 00 13 00 00 00 05 00 00   .....n..........
      0070  00 39 00 00 00 19 01 fd 01 e9 00 e2 00 03 09 f0   .9..............
      0080  0d 9d 01 f4 00 aa 00 00 00 00 00 00 00 00 0c 85   ................
      0090  27 10 00 00 00 0f 00 00 00 00 00 00 00 00 00 00   '...............
      00a0  00 00 67 da                                       ..g.
[11:26:40.584] REPLY  slave=0x70  base=60  (gap:  0.3s, 2.1s after poke)
[11:26:40.584]   Register dump (slave=0x70 base=60 count=60):
[11:26:40.585]     r000=16961  r001=16705  r003=  259  r004=    4  r007=   96
[11:26:40.586]     r008=   48  r009= 2056  r010=    2  r013= 3348  r014= 3345
[11:26:40.586]     r016=65533  r020=25184  r021=   98  r023=33779
[11:26:40.587]     r025=30674  r027=52368  r029=48238  r031=   19
[11:26:40.587]     r033=    5  r035=   57  r037=   25  r038=  509  r039=  489
[11:26:40.588]     r040=  226  r041=    3  r042= 2544  r043= 3485  r044=  500  r045=  170
[11:26:40.589]     r050= 3205  r051=10000  r053=   15
[11:26:40.589]   Non-zero registers: [0, 1, 3, 4, 7, 8, 9, 10, 13, 14, 16, 20, 21, 23, 25, 27, 29, 31, 33, 35, 37, 38, 39, 40, 41, 42, 43, 44, 45, 50, 51, 53]
[11:26:40.894] FRAME #9 len=164 func=02
      0000  59 59 00 01 00 9e 01 02 57 4a 32 33 32 37 47 30   YY......WJ2327G0
      0010  37 33 00 00 00 00 00 00 00 8a 70 04 48 43 32 33   73........p.HC23
      0020  32 37 47 30 37 33 00 78 00 3c 0d 9d 00 01 00 0f   27G073.x.<......
      0030  0d 89 00 04 00 12 00 eb 00 01 00 01 00 d1 00 04   ................
      0040  00 0b 00 00 00 00 00 14 00 1a 60 60 00 dc 48 43   ..........``..HC
      0050  32 33 32 37 47 30 37 33 00 00 00 00 00 00 00 00   2327G073........
      0060  00 00 00 00 00 00 00 00 00 00 00 00 00 00 00 00   ................
      0070  00 00 00 00 00 00 00 00 00 00 00 00 00 00 00 00   ................
      0080  00 00 00 00 00 00 00 00 00 00 00 00 00 00 00 00   ................
      0090  00 00 00 00 00 00 00 00 00 00 00 00 00 00 00 00   ................
      00a0  00 00 fc 47                                       ...G
[11:26:40.894] REPLY  slave=0x70  base=120  (gap:  0.3s, 2.4s after poke)
[11:26:40.895]   Register dump (slave=0x70 base=120 count=60):
[11:26:40.896]     r000= 3485  r001=    1  r002=   15  r003= 3465  r004=    4  r005=   18  r006=  235  r007=    1
[11:26:40.896]     r008=    1  r009=  209  r010=    4  r011=   11  r014=   20  r015=   26
[11:26:40.897]     r016=24672  r017=  220  r018=18499  r019=12851  r020=12855  r021=18224  r022=14131
[11:26:40.897]   Non-zero registers: [0, 1, 2, 3, 4, 5, 6, 7, 8, 9, 10, 11, 14, 15, 16, 17, 18, 19, 20, 21, 22]
[11:26:41.193] FRAME #10 len=164 func=02
      0000  59 59 00 01 00 9e 01 02 57 4a 32 33 32 37 47 30   YY......WJ2327G0
      0010  37 33 00 00 00 00 00 00 00 8a 50 04 48 58 32 33   73........P.HX23
      0020  32 37 47 33 32 31 00 3c 00 3c 0d 99 0d 9b 0d 9c   27G321.<.<......
      0030  0d 9c 0d 9b 0d 97 0d 9a 0d 9b 0d 9c 0d 9b 0d 9b   ................
      0040  0d 9c 0d 9c 0d 9b 0d 9d 0d 9b 0d 9a 0d 9b 0d 9a   ................
      0050  0d 99 0d 9c 0d 9a 0d 9b 0d 99 00 00 00 00 00 00   ................
      0060  00 00 00 00 00 00 00 eb 00 e7 00 e6 00 ea 00 e7   ................
      0070  00 ea 00 e6 00 e9 00 e7 00 e4 00 e8 00 ea 00 00   ................
      0080  00 00 00 00 00 00 00 00 00 00 00 00 00 00 00 00   ................
      0090  00 00 00 00 00 00 48 58 32 33 32 37 47 33 32 31   ......HX2327G321
      00a0  00 00 c0 d2                                       ....
[11:26:41.193] REPLY  slave=0x50  base=60  (gap:  0.3s, 2.7s after poke)
[11:26:41.193]   Register dump (slave=0x50 base=60 count=60):
[11:26:41.195]     r000= 3481  r001= 3483  r002= 3484  r003= 3484  r004= 3483  r005= 3479  r006= 3482  r007= 3483
[11:26:41.195]     r008= 3484  r009= 3483  r010= 3483  r011= 3484  r012= 3484  r013= 3483  r014= 3485  r015= 3483
[11:26:41.196]     r016= 3482  r017= 3483  r018= 3482  r019= 3481  r020= 3484  r021= 3482  r022= 3483  r023= 3481
[11:26:41.197]     r030=  235  r031=  231
[11:26:41.197]     r032=  230  r033=  234  r034=  231  r035=  234  r036=  230  r037=  233  r038=  231  r039=  228
[11:26:41.198]     r040=  232  r041=  234
[11:26:41.198]     r054=18520  r055=12851
[11:26:41.199]     r056=12855  r057=18227  r058=12849
[11:26:41.199]   Non-zero registers: [0, 1, 2, 3, 4, 5, 6, 7, 8, 9, 10, 11, 12, 13, 14, 15, 16, 17, 18, 19, 20, 21, 22, 23, 30, 31, 32, 33, 34, 35, 36, 37, 38, 39, 40, 41, 54, 55, 56, 57, 58]
[11:26:41.499] FRAME #11 len=164 func=02
      0000  59 59 00 01 00 9e 01 02 57 4a 32 33 32 37 47 30   YY......WJ2327G0
      0010  37 33 00 00 00 00 00 00 00 8a 51 04 48 58 32 33   73........Q.HX23
      0020  32 37 47 33 31 39 00 3c 00 3c 0d 9a 0d 9a 0d 9a   27G319.<.<......
      0030  0d 9a 0d 9a 0d 9b 0d 9b 0d 9a 0d 99 0d 99 0d 9b   ................
      0040  0d 9b 0d 9b 0d 9a 0d 9b 0d 9b 0d 9a 0d 9a 0d 9a   ................
      0050  0d 9b 0d 9b 0d 9a 0d 9a 0d 9a 00 00 00 00 00 00   ................
      0060  00 00 00 00 00 00 00 e3 00 e0 00 de 00 e3 00 e0   ................
      0070  00 e2 00 df 00 dd 00 dc 00 db 00 dd 00 df 00 00   ................
      0080  00 00 00 00 00 00 00 00 00 00 00 00 00 00 00 00   ................
      0090  00 00 00 00 00 00 48 58 32 33 32 37 47 33 31 39   ......HX2327G319
      00a0  00 00 10 7c                                       ...|
[11:26:41.499] REPLY  slave=0x51  base=60  (gap:  0.3s, 3.0s after poke)
[11:26:41.500]   Register dump (slave=0x51 base=60 count=60):
[11:26:41.501]     r000= 3482  r001= 3482  r002= 3482  r003= 3482  r004= 3482  r005= 3483  r006= 3483  r007= 3482
[11:26:41.501]     r008= 3481  r009= 3481  r010= 3483  r011= 3483  r012= 3483  r013= 3482  r014= 3483  r015= 3483
[11:26:41.502]     r016= 3482  r017= 3482  r018= 3482  r019= 3483  r020= 3483  r021= 3482  r022= 3482  r023= 3482
[11:26:41.503]     r030=  227  r031=  224
[11:26:41.503]     r032=  222  r033=  227  r034=  224  r035=  226  r036=  223  r037=  221  r038=  220  r039=  219
[11:26:41.504]     r040=  221  r041=  223
[11:26:41.504]     r054=18520  r055=12851
[11:26:41.505]     r056=12855  r057=18227  r058=12601
[11:26:41.505]   Non-zero registers: [0, 1, 2, 3, 4, 5, 6, 7, 8, 9, 10, 11, 12, 13, 14, 15, 16, 17, 18, 19, 20, 21, 22, 23, 30, 31, 32, 33, 34, 35, 36, 37, 38, 39, 40, 41, 54, 55, 56, 57, 58]
[11:26:41.796] FRAME #12 len=164 func=02
      0000  59 59 00 01 00 9e 01 02 57 4a 32 33 32 37 47 30   YY......WJ2327G0
      0010  37 33 00 00 00 00 00 00 00 8a 52 04 48 58 32 33   73........R.HX23
      0020  32 37 47 33 31 38 00 3c 00 3c 0d 9a 0d 9a 0d 9a   27G318.<.<......
      0030  0d 9a 0d 9a 0d 9a 0d 9b 0d 9b 0d 9a 0d 9a 0d 99   ................
      0040  0d 9a 0d 9b 0d 9a 0d 9a 0d 9b 0d 99 0d 9b 0d 9a   ................
      0050  0d 9a 0d 9a 0d 99 0d 9a 0d 9a 00 00 00 00 00 00   ................
      0060  00 00 00 00 00 00 00 db 00 da 00 d9 00 dc 00 db   ................
      0070  00 df 00 d6 00 da 00 d7 00 d8 00 d8 00 d9 00 00   ................
      0080  00 00 00 00 00 00 00 00 00 00 00 00 00 00 00 00   ................
      0090  00 00 00 00 00 00 48 58 32 33 32 37 47 33 31 38   ......HX2327G318
      00a0  00 00 a1 b5                                       ....
[11:26:41.796] REPLY  slave=0x52  base=60  (gap:  0.3s, 3.3s after poke)
[11:26:41.797]   Register dump (slave=0x52 base=60 count=60):
[11:26:41.798]     r000= 3482  r001= 3482  r002= 3482  r003= 3482  r004= 3482  r005= 3482  r006= 3483  r007= 3483
[11:26:41.798]     r008= 3482  r009= 3482  r010= 3481  r011= 3482  r012= 3483  r013= 3482  r014= 3482  r015= 3483
[11:26:41.799]     r016= 3481  r017= 3483  r018= 3482  r019= 3482  r020= 3482  r021= 3481  r022= 3482  r023= 3482
[11:26:41.799]     r030=  219  r031=  218
[11:26:41.800]     r032=  217  r033=  220  r034=  219  r035=  223  r036=  214  r037=  218  r038=  215  r039=  216
[11:26:41.801]     r040=  216  r041=  217
[11:26:41.801]     r054=18520  r055=12851
[11:26:41.802]     r056=12855  r057=18227  r058=12600
[11:26:41.802]   Non-zero registers: [0, 1, 2, 3, 4, 5, 6, 7, 8, 9, 10, 11, 12, 13, 14, 15, 16, 17, 18, 19, 20, 21, 22, 23, 30, 31, 32, 33, 34, 35, 36, 37, 38, 39, 40, 41, 54, 55, 56, 57, 58]
[11:26:42.096] FRAME #13 len=164 func=02
      0000  59 59 00 01 00 9e 01 02 57 4a 32 33 32 37 47 30   YY......WJ2327G0
      0010  37 33 00 00 00 00 00 00 00 8a 53 04 48 58 32 33   73........S.HX23
      0020  32 37 47 33 35 35 00 3c 00 3c 0d 9a 0d 9b 0d 9c   27G355.<.<......
      0030  0d 9a 0d 9b 0d 9a 0d 9a 0d 9b 0d 99 0d 9a 0d 9a   ................
      0040  0d 99 0d 96 0d 91 0d 9a 0d 8a 0d 8e 0d 89 0d 8c   ................
      0050  0d 8d 0d 8b 0d 8b 0d 92 0d 8b 00 00 00 00 00 00   ................
      0060  00 00 00 00 00 00 00 d3 00 d4 00 d2 00 d6 00 d5   ................
      0070  00 d8 00 d5 00 d4 00 d2 00 d2 00 d1 00 d3 00 00   ................
      0080  00 00 00 00 00 00 00 00 00 00 00 00 00 00 00 00   ................
      0090  00 00 00 00 00 00 48 58 32 33 32 37 47 33 35 35   ......HX2327G355
      00a0  00 00 fb 13                                       ....
[11:26:42.096] REPLY  slave=0x53  base=60  (gap:  0.3s, 3.6s after poke)
[11:26:42.096]   Register dump (slave=0x53 base=60 count=60):
[11:26:42.097]     r000= 3482  r001= 3483  r002= 3484  r003= 3482  r004= 3483  r005= 3482  r006= 3482  r007= 3483
[11:26:42.098]     r008= 3481  r009= 3482  r010= 3482  r011= 3481  r012= 3478  r013= 3473  r014= 3482  r015= 3466
[11:26:42.099]     r016= 3470  r017= 3465  r018= 3468  r019= 3469  r020= 3467  r021= 3467  r022= 3474  r023= 3467
[11:26:42.099]     r030=  211  r031=  212
[11:26:42.100]     r032=  210  r033=  214  r034=  213  r035=  216  r036=  213  r037=  212  r038=  210  r039=  210
[11:26:42.100]     r040=  209  r041=  211
[11:26:42.101]     r054=18520  r055=12851
[11:26:42.101]     r056=12855  r057=18227  r058=13621
[11:26:42.102]   Non-zero registers: [0, 1, 2, 3, 4, 5, 6, 7, 8, 9, 10, 11, 12, 13, 14, 15, 16, 17, 18, 19, 20, 21, 22, 23, 30, 31, 32, 33, 34, 35, 36, 37, 38, 39, 40, 41, 54, 55, 56, 57, 58]
[11:26:50.121] POKES sent (IR)
[11:26:50.302] FRAME #14 len=164 func=02
      0000  59 59 00 01 00 9e 01 02 57 4a 32 33 32 37 47 30   YY......WJ2327G0
      0010  37 33 00 00 00 00 00 00 00 8a 11 04 43 48 32 33   73..........CH23
      0020  32 37 47 30 37 33 00 00 00 3c 00 01 09 79 00 00   27G073...<...y..
      0030  10 b7 00 00 09 79 00 01 33 01 00 0a 00 00 00 08   .....y..3.......
      0040  00 02 05 93 13 97 00 05 0d 09 03 e8 00 52 01 cb   .............R..
      0050  00 00 00 00 00 01 b3 6c 00 00 00 6a 00 46 00 19   .......l...j.F..
      0060  00 00 a5 aa 02 00 ff f1 02 26 00 00 c9 22 00 00   .........&..."..
      0070  00 15 00 13 00 05 00 00 00 00 00 00 01 58 02 2b   .............X.+
      0080  00 6e 00 04 00 00 75 64 00 00 57 cb 00 01 82 5f   .n....ud..W...._
      0090  00 2e 00 9c 09 79 13 97 01 58 00 dc 00 00 00 a0   .....y...X......
      00a0  00 62 7d 6e                                       .b}n
[11:26:50.302] REPLY  slave=0x11  SOC=98%  solar=459W  home=555W  (gap:  8.2s, 0.2s after poke)
[11:26:50.302]   Register dump (slave=0x11 base=0 count=60):
[11:26:50.304]     r000=    1  r001= 2425  r003= 4279  r005= 2425  r006=    1  r007=13057
[11:26:50.304]     r008=   10  r010=    8  r011=    2  r012= 1427  r013= 5015  r014=    5  r015= 3337
[11:26:50.305]     r016= 1000  r017=   82  r018=  459  r021=    1  r022=45932
[11:26:50.305]     r024=  106  r025=   70  r026=   25  r028=42410  r029=  512  r030=65521  r031=  550
[11:26:50.306]     r033=51490  r035=   21  r036=   19  r037=    5
[11:26:50.306]     r041=  344  r042=  555  r043=  110  r044=    4  r046=30052
[11:26:50.307]     r048=22475  r049=    1  r050=33375  r051=   46  r052=  156  r053= 2425  r054= 5015  r055=  344
[11:26:50.307]     r056=  220  r058=  160  r059=   98
[11:26:50.308]   Non-zero registers: [0, 1, 3, 5, 6, 7, 8, 10, 11, 12, 13, 14, 15, 16, 17, 18, 21, 22, 24, 25, 26, 28, 29, 30, 31, 33, 35, 36, 37, 41, 42, 43, 44, 46, 48, 49, 50, 51, 52, 53, 54, 55, 56, 58, 59]
[11:26:58.339] ... 14 replies, max gap 10s, slave(s): 0x01, 0x02, 0x11, 0x50, 0x51, 0x52, 0x53, 0x70, 0xa0
[11:27:00.354] POKES sent (IR)
[11:27:00.511] FRAME #15 len=164 func=02
      0000  59 59 00 01 00 9e 01 02 57 4a 32 33 32 37 47 30   YY......WJ2327G0
      0010  37 33 00 00 00 00 00 00 00 8a 11 04 43 48 32 33   73..........CH23
      0020  32 37 47 30 37 33 00 00 00 3c 00 01 09 7a 00 00   27G073...<...z..
      0030  10 b8 00 00 09 7a 00 01 33 01 00 0a 00 00 00 07   .....z..3.......
      0040  00 02 05 93 13 96 00 05 0d 06 03 e8 00 52 01 cb   .............R..
      0050  00 00 00 00 00 01 b3 6c 00 00 00 51 00 46 00 19   .......l...Q.F..
      0060  00 00 a5 aa 02 00 00 08 02 14 00 00 c9 22 00 00   ............."..
      0070  00 15 00 13 00 05 00 00 00 00 00 00 01 59 02 0e   .............Y..
      0080  00 53 00 04 00 00 75 64 00 00 57 cb 00 01 82 46   .S....ud..W....F
      0090  00 27 00 83 09 7a 13 96 01 59 00 dc 00 00 00 a0   .'...z...Y......
      00a0  00 62 5c 8f                                       .b\.
[11:27:00.511] REPLY  slave=0x11  SOC=98%  solar=459W  home=526W  (gap: 10.2s, 0.2s after poke)
[11:27:00.512]   Register dump (slave=0x11 base=0 count=60):
[11:27:00.513]     r000=    1  r001= 2426  r003= 4280  r005= 2426  r006=    1  r007=13057
[11:27:00.513]     r008=   10  r010=    7  r011=    2  r012= 1427  r013= 5014  r014=    5  r015= 3334
[11:27:00.514]     r016= 1000  r017=   82  r018=  459  r021=    1  r022=45932
[11:27:00.515]     r024=   81  r025=   70  r026=   25  r028=42410  r029=  512  r030=    8  r031=  532
[11:27:00.515]     r033=51490  r035=   21  r036=   19  r037=    5
[11:27:00.516]     r041=  345  r042=  526  r043=   83  r044=    4  r046=30052
[11:27:00.516]     r048=22475  r049=    1  r050=33350  r051=   39  r052=  131  r053= 2426  r054= 5014  r055=  345
[11:27:00.517]     r056=  220  r058=  160  r059=   98
[11:27:00.517]   Non-zero registers: [0, 1, 3, 5, 6, 7, 8, 10, 11, 12, 13, 14, 15, 16, 17, 18, 21, 22, 24, 25, 26, 28, 29, 30, 31, 33, 35, 36, 37, 41, 42, 43, 44, 46, 48, 49, 50, 51, 52, 53, 54, 55, 56, 58, 59]
[11:27:10.544] POKES sent (IR)
[11:27:10.726] FRAME #16 len=164 func=02
      0000  59 59 00 01 00 9e 01 02 57 4a 32 33 32 37 47 30   YY......WJ2327G0
      0010  37 33 00 00 00 00 00 00 00 8a 11 04 43 48 32 33   73..........CH23
      0020  32 37 47 30 37 33 00 00 00 3c 00 01 09 8a 00 00   27G073...<......
      0030  10 b8 00 00 09 8a 00 01 33 01 00 0a 00 00 00 07   ........3.......
      0040  00 02 05 93 13 96 00 05 0d 04 03 e8 00 52 01 c9   .............R..
      0050  00 00 00 00 00 01 b3 6c 00 00 00 55 00 46 00 19   .......l...U.F..
      0060  00 00 a5 aa 02 00 00 03 02 16 00 00 c9 22 00 00   ............."..
      0070  00 15 00 13 00 05 00 00 00 00 00 00 01 59 02 16   .............Y..
      0080  00 54 00 04 00 00 75 64 00 00 57 cb 00 01 82 30   .T....ud..W....0
      0090  00 28 00 84 09 8a 13 96 01 59 00 dc 00 00 00 a0   .(.......Y......
      00a0  00 62 f9 f2                                       .b..
[11:27:10.726] REPLY  slave=0x11  SOC=98%  solar=457W  home=534W  (gap: 10.2s, 0.2s after poke)
[11:27:10.726]   Register dump (slave=0x11 base=0 count=60):
[11:27:10.728]     r000=    1  r001= 2442  r003= 4280  r005= 2442  r006=    1  r007=13057
[11:27:10.728]     r008=   10  r010=    7  r011=    2  r012= 1427  r013= 5014  r014=    5  r015= 3332
[11:27:10.729]     r016= 1000  r017=   82  r018=  457  r021=    1  r022=45932
[11:27:10.729]     r024=   85  r025=   70  r026=   25  r028=42410  r029=  512  r030=    3  r031=  534
[11:27:10.730]     r033=51490  r035=   21  r036=   19  r037=    5
[11:27:10.730]     r041=  345  r042=  534  r043=   84  r044=    4  r046=30052
[11:27:10.731]     r048=22475  r049=    1  r050=33328  r051=   40  r052=  132  r053= 2442  r054= 5014  r055=  345
[11:27:10.731]     r056=  220  r058=  160  r059=   98
[11:27:10.732]   Non-zero registers: [0, 1, 3, 5, 6, 7, 8, 10, 11, 12, 13, 14, 15, 16, 17, 18, 21, 22, 24, 25, 26, 28, 29, 30, 31, 33, 35, 36, 37, 41, 42, 43, 44, 46, 48, 49, 50, 51, 52, 53, 54, 55, 56, 58, 59]
[11:27:20.762] POKES sent (IR)
[11:27:20.937] FRAME #17 len=164 func=02
      0000  59 59 00 01 00 9e 01 02 57 4a 32 33 32 37 47 30   YY......WJ2327G0
      0010  37 33 00 00 00 00 00 00 00 8a 11 04 43 48 32 33   73..........CH23
      0020  32 37 47 30 37 33 00 00 00 3c 00 01 09 8e 00 00   27G073...<......
      0030  10 b8 00 00 09 8e 00 01 33 01 00 0a 00 00 00 07   ........3.......
      0040  00 02 05 93 13 96 00 05 0d 02 03 e8 00 52 01 ca   .............R..
      0050  00 00 00 00 00 01 b3 6c 00 00 00 55 00 46 00 19   .......l...U.F..
      0060  00 00 a5 aa 02 00 00 06 02 1a 00 00 c9 22 00 00   ............."..
      0070  00 15 00 13 00 05 00 00 00 00 00 00 01 5a 02 16   .............Z..
      0080  00 55 00 04 00 00 75 64 00 00 57 cb 00 01 82 15   .U....ud..W.....
      0090  00 29 00 86 09 8e 13 96 01 5a 00 dc 00 00 00 a0   .).......Z......
      00a0  00 62 4c 37                                       .bL7
[11:27:20.937] REPLY  slave=0x11  SOC=98%  solar=458W  home=534W  (gap: 10.2s, 0.2s after poke)
[11:27:20.938]   Register dump (slave=0x11 base=0 count=60):
[11:27:20.939]     r000=    1  r001= 2446  r003= 4280  r005= 2446  r006=    1  r007=13057
[11:27:20.939]     r008=   10  r010=    7  r011=    2  r012= 1427  r013= 5014  r014=    5  r015= 3330
[11:27:20.940]     r016= 1000  r017=   82  r018=  458  r021=    1  r022=45932
[11:27:20.940]     r024=   85  r025=   70  r026=   25  r028=42410  r029=  512  r030=    6  r031=  538
[11:27:20.941]     r033=51490  r035=   21  r036=   19  r037=    5
[11:27:20.942]     r041=  346  r042=  534  r043=   85  r044=    4  r046=30052
[11:27:20.942]     r048=22475  r049=    1  r050=33301  r051=   41  r052=  134  r053= 2446  r054= 5014  r055=  346
[11:27:20.943]     r056=  220  r058=  160  r059=   98
[11:27:20.943]   Non-zero registers: [0, 1, 3, 5, 6, 7, 8, 10, 11, 12, 13, 14, 15, 16, 17, 18, 21, 22, 24, 25, 26, 28, 29, 30, 31, 33, 35, 36, 37, 41, 42, 43, 44, 46, 48, 49, 50, 51, 52, 53, 54, 55, 56, 58, 59]
[11:27:28.947] ... 17 replies, max gap 10s, slave(s): 0x01, 0x02, 0x11, 0x50, 0x51, 0x52, 0x53, 0x70, 0xa0
[11:27:30.952] POKES sent (IR)
[11:27:31.107] FRAME #18 len=164 func=02
      0000  59 59 00 01 00 9e 01 02 57 4a 32 33 32 37 47 30   YY......WJ2327G0
      0010  37 33 00 00 00 00 00 00 00 8a 11 04 43 48 32 33   73..........CH23
      0020  32 37 47 30 37 33 00 00 00 3c 00 01 09 7c 00 00   27G073...<...|..
      0030  10 b8 00 00 09 7c 00 01 33 01 00 0a 00 00 00 07   .....|..3.......
      0040  00 02 05 93 13 95 00 05 0c ff 03 e8 00 52 01 c8   .............R..
      0050  00 00 00 00 00 01 b3 6c 00 00 00 52 00 46 00 19   .......l...R.F..
      0060  00 00 a5 aa 02 00 00 00 02 13 00 00 c9 22 00 00   ............."..
      0070  00 15 00 13 00 05 00 00 00 00 00 00 01 5a 02 13   .............Z..
      0080  00 52 00 04 00 00 75 64 00 00 57 cb 00 01 81 fd   .R....ud..W.....
      0090  00 27 00 82 09 7c 13 95 01 5a 00 dc 00 00 00 a0   .'...|...Z......
      00a0  00 62 6b ce                                       .bk.
[11:27:31.107] REPLY  slave=0x11  SOC=98%  solar=456W  home=531W  (gap: 10.2s, 0.2s after poke)
[11:27:31.107]   Register dump (slave=0x11 base=0 count=60):
[11:27:31.109]     r000=    1  r001= 2428  r003= 4280  r005= 2428  r006=    1  r007=13057
[11:27:31.109]     r008=   10  r010=    7  r011=    2  r012= 1427  r013= 5013  r014=    5  r015= 3327
[11:27:31.110]     r016= 1000  r017=   82  r018=  456  r021=    1  r022=45932
[11:27:31.110]     r024=   82  r025=   70  r026=   25  r028=42410  r029=  512  r031=  531
[11:27:31.111]     r033=51490  r035=   21  r036=   19  r037=    5
[11:27:31.112]     r041=  346  r042=  531  r043=   82  r044=    4  r046=30052
[11:27:31.112]     r048=22475  r049=    1  r050=33277  r051=   39  r052=  130  r053= 2428  r054= 5013  r055=  346
[11:27:31.113]     r056=  220  r058=  160  r059=   98
[11:27:31.113]   Non-zero registers: [0, 1, 3, 5, 6, 7, 8, 10, 11, 12, 13, 14, 15, 16, 17, 18, 21, 22, 24, 25, 26, 28, 29, 31, 33, 35, 36, 37, 41, 42, 43, 44, 46, 48, 49, 50, 51, 52, 53, 54, 55, 56, 58, 59]
[11:27:41.141] POKES sent (IR)
[11:27:51.158] POKES sent (IR)
[11:27:51.323] FRAME #19 len=164 func=02
      0000  59 59 00 01 00 9e 01 02 57 4a 32 33 32 37 47 30   YY......WJ2327G0
      0010  37 33 00 00 00 00 00 00 00 8a 11 04 43 48 32 33   73..........CH23
      0020  32 37 47 30 37 33 00 00 00 3c 00 01 09 7e 00 00   27G073...<...~..
      0030  10 b8 00 00 09 7e 00 01 33 01 00 0a 00 00 00 08   .....~..3.......
      0040  00 02 05 93 13 95 00 05 0c fb 03 e8 00 52 01 c9   .............R..
      0050  00 00 00 00 00 01 b3 6c 00 00 00 54 00 46 00 19   .......l...T.F..
      0060  00 00 a5 aa 02 00 00 08 02 12 00 00 c9 22 00 00   ............."..
      0070  00 15 00 13 00 05 00 00 00 00 00 00 01 59 02 10   .............Y..
      0080  00 52 00 04 00 00 75 64 00 00 57 cb 00 01 81 d5   .R....ud..W.....
      0090  00 29 00 87 09 7e 13 95 01 59 00 dc 00 00 00 96   .)...~...Y......
      00a0  00 62 60 66                                       .b`f
[11:27:51.324] REPLY  slave=0x11  SOC=98%  solar=457W  home=528W  (gap: 20.2s, 0.2s after poke)
[11:27:51.324]   Register dump (slave=0x11 base=0 count=60):
[11:27:51.325]     r000=    1  r001= 2430  r003= 4280  r005= 2430  r006=    1  r007=13057
[11:27:51.326]     r008=   10  r010=    8  r011=    2  r012= 1427  r013= 5013  r014=    5  r015= 3323
[11:27:51.326]     r016= 1000  r017=   82  r018=  457  r021=    1  r022=45932
[11:27:51.327]     r024=   84  r025=   70  r026=   25  r028=42410  r029=  512  r030=    8  r031=  530
[11:27:51.327]     r033=51490  r035=   21  r036=   19  r037=    5
[11:27:51.328]     r041=  345  r042=  528  r043=   82  r044=    4  r046=30052
[11:27:51.328]     r048=22475  r049=    1  r050=33237  r051=   41  r052=  135  r053= 2430  r054= 5013  r055=  345
[11:27:51.329]     r056=  220  r058=  150  r059=   98
[11:27:51.329]   Non-zero registers: [0, 1, 3, 5, 6, 7, 8, 10, 11, 12, 13, 14, 15, 16, 17, 18, 21, 22, 24, 25, 26, 28, 29, 30, 31, 33, 35, 36, 37, 41, 42, 43, 44, 46, 48, 49, 50, 51, 52, 53, 54, 55, 56, 58, 59]
[11:27:59.345] ... 19 replies, max gap 20s, slave(s): 0x01, 0x02, 0x11, 0x50, 0x51, 0x52, 0x53, 0x70, 0xa0
[11:28:01.349] POKES sent (IR)
[11:28:01.513] FRAME #20 len=164 func=02
      0000  59 59 00 01 00 9e 01 02 57 4a 32 33 32 37 47 30   YY......WJ2327G0
      0010  37 33 00 00 00 00 00 00 00 8a 11 04 43 48 32 33   73..........CH23
      0020  32 37 47 30 37 33 00 00 00 3c 00 01 09 7f 00 00   27G073...<......
      0030  10 b5 00 00 09 7f 00 01 33 01 00 0a 00 00 00 06   ........3.......
      0040  00 02 05 93 13 96 00 05 0c fa 03 e8 00 52 01 d1   .............R..
      0050  00 00 00 00 00 01 b3 6c 00 00 ff f4 00 46 00 19   .......l.....F..
      0060  00 00 a5 aa 02 00 00 c5 02 0e 00 00 c9 22 00 00   ............."..
      0070  00 15 00 13 00 05 00 00 00 00 00 00 01 55 01 47   .............U.G
      0080  00 0e 00 04 00 00 75 64 00 00 57 cb 00 01 81 c7   ......ud..W.....
      0090  00 12 00 3b 09 7f 13 96 01 55 00 dc 00 00 00 b4   ...;.....U......
      00a0  00 62 f5 86                                       .b..
[11:28:01.513] REPLY  slave=0x11  SOC=98%  solar=465W  home=327W  (gap: 10.2s, 0.2s after poke)
[11:28:01.513]   Register dump (slave=0x11 base=0 count=60):
[11:28:01.515]     r000=    1  r001= 2431  r003= 4277  r005= 2431  r006=    1  r007=13057
[11:28:01.515]     r008=   10  r010=    6  r011=    2  r012= 1427  r013= 5014  r014=    5  r015= 3322
[11:28:01.516]     r016= 1000  r017=   82  r018=  465  r021=    1  r022=45932
[11:28:01.516]     r024=65524  r025=   70  r026=   25  r028=42410  r029=  512  r030=  197  r031=  526
[11:28:01.517]     r033=51490  r035=   21  r036=   19  r037=    5
[11:28:01.517]     r041=  341  r042=  327  r043=   14  r044=    4  r046=30052
[11:28:01.518]     r048=22475  r049=    1  r050=33223  r051=   18  r052=   59  r053= 2431  r054= 5014  r055=  341
[11:28:01.518]     r056=  220  r058=  180  r059=   98
[11:28:01.519]   Non-zero registers: [0, 1, 3, 5, 6, 7, 8, 10, 11, 12, 13, 14, 15, 16, 17, 18, 21, 22, 24, 25, 26, 28, 29, 30, 31, 33, 35, 36, 37, 41, 42, 43, 44, 46, 48, 49, 50, 51, 52, 53, 54, 55, 56, 58, 59]
[11:28:11.522] POKES sent (IR)
[11:28:11.691] FRAME #21 len=164 func=02
      0000  59 59 00 01 00 9e 01 02 57 4a 32 33 32 37 47 30   YY......WJ2327G0
      0010  37 33 00 00 00 00 00 00 00 8a 11 04 43 48 32 33   73..........CH23
      0020  32 37 47 30 37 33 00 00 00 3c 00 01 09 73 00 00   27G073...<...s..
      0030  10 b8 00 00 09 73 00 01 33 01 00 0a 00 00 00 08   .....s..3.......
      0040  00 02 05 94 13 96 00 04 0c fd 03 e8 00 53 01 cb   .............S..
      0050  00 00 00 00 00 01 b3 6c 00 00 ff 89 00 46 00 19   .......l.....F..
      0060  00 00 a5 aa 02 00 ff fe 01 49 00 00 c9 22 00 00   .........I..."..
      0070  00 15 00 13 00 05 00 00 00 00 00 00 01 58 01 46   .............X.F
      0080  00 77 00 04 00 00 75 64 00 00 57 cb 00 01 81 e1   .w....ud..W.....
      0090  ff ec ff bb 09 73 13 96 01 58 00 dc 00 00 00 b4   .....s...X......
      00a0  00 62 fa 41                                       .b.A
[11:28:11.691] REPLY  slave=0x11  SOC=98%  solar=459W  home=326W  (gap: 10.2s, 0.2s after poke)
[11:28:11.691]   Register dump (slave=0x11 base=0 count=60):
[11:28:11.692]     r000=    1  r001= 2419  r003= 4280  r005= 2419  r006=    1  r007=13057
[11:28:11.693]     r008=   10  r010=    8  r011=    2  r012= 1428  r013= 5014  r014=    4  r015= 3325
[11:28:11.693]     r016= 1000  r017=   83  r018=  459  r021=    1  r022=45932
[11:28:11.694]     r024=65417  r025=   70  r026=   25  r028=42410  r029=  512  r030=65534  r031=  329
[11:28:11.695]     r033=51490  r035=   21  r036=   19  r037=    5
[11:28:11.695]     r041=  344  r042=  326  r043=  119  r044=    4  r046=30052
[11:28:11.696]     r048=22475  r049=    1  r050=33249  r051=65516  r052=65467  r053= 2419  r054= 5014  r055=  344
[11:28:11.696]     r056=  220  r058=  180  r059=   98
[11:28:11.697]   Non-zero registers: [0, 1, 3, 5, 6, 7, 8, 10, 11, 12, 13, 14, 15, 16, 17, 18, 21, 22, 24, 25, 26, 28, 29, 30, 31, 33, 35, 36, 37, 41, 42, 43, 44, 46, 48, 49, 50, 51, 52, 53, 54, 55, 56, 58, 59]
[11:28:21.712] POKES sent (IR)
[11:28:21.879] FRAME #22 len=164 func=02
      0000  59 59 00 01 00 9e 01 02 57 4a 32 33 32 37 47 30   YY......WJ2327G0
      0010  37 33 00 00 00 00 00 00 00 8a 11 04 43 48 32 33   73..........CH23
      0020  32 37 47 30 37 33 00 00 00 3c 00 01 09 72 00 00   27G073...<...r..
      0030  10 b8 00 00 09 72 00 01 33 01 00 0a 00 00 00 08   .....r..3.......
      0040  00 02 05 94 13 95 00 04 0c ff 03 e8 00 53 01 cd   .............S..
      0050  00 00 00 00 00 01 b3 6c 00 00 ff 8b 00 46 00 19   .......l.....F..
      0060  00 00 a5 aa 02 00 00 08 01 4c 00 00 c9 22 00 00   .........L..."..
      0070  00 15 00 13 00 05 00 00 00 00 00 00 01 59 01 4b   .............Y.K
      0080  00 75 00 04 00 00 75 64 00 00 57 cb 00 01 81 f5   .u....ud..W.....
      0090  ff ed ff bc 09 72 13 95 01 59 00 dc 00 00 00 b4   .....r...Y......
      00a0  00 62 9c 3e                                       .b.>
[11:28:21.879] REPLY  slave=0x11  SOC=98%  solar=461W  home=331W  (gap: 10.2s, 0.2s after poke)
[11:28:21.880]   Register dump (slave=0x11 base=0 count=60):
[11:28:21.881]     r000=    1  r001= 2418  r003= 4280  r005= 2418  r006=    1  r007=13057
[11:28:21.882]     r008=   10  r010=    8  r011=    2  r012= 1428  r013= 5013  r014=    4  r015= 3327
[11:28:21.882]     r016= 1000  r017=   83  r018=  461  r021=    1  r022=45932
[11:28:21.883]     r024=65419  r025=   70  r026=   25  r028=42410  r029=  512  r030=    8  r031=  332
[11:28:21.883]     r033=51490  r035=   21  r036=   19  r037=    5
[11:28:21.884]     r041=  345  r042=  331  r043=  117  r044=    4  r046=30052
[11:28:21.884]     r048=22475  r049=    1  r050=33269  r051=65517  r052=65468  r053= 2418  r054= 5013  r055=  345
[11:28:21.885]     r056=  220  r058=  180  r059=   98
[11:28:21.885]   Non-zero registers: [0, 1, 3, 5, 6, 7, 8, 10, 11, 12, 13, 14, 15, 16, 17, 18, 21, 22, 24, 25, 26, 28, 29, 30, 31, 33, 35, 36, 37, 41, 42, 43, 44, 46, 48, 49, 50, 51, 52, 53, 54, 55, 56, 58, 59]
[11:28:29.899] ... 22 replies, max gap 20s, slave(s): 0x01, 0x02, 0x11, 0x50, 0x51, 0x52, 0x53, 0x70, 0xa0
[11:28:31.902] POKES sent (IR)
[11:28:32.069] FRAME #23 len=164 func=02
      0000  59 59 00 01 00 9e 01 02 57 4a 32 33 32 37 47 30   YY......WJ2327G0
      0010  37 33 00 00 00 00 00 00 00 8a 11 04 43 48 32 33   73..........CH23
      0020  32 37 47 30 37 33 00 00 00 3c 00 01 09 8c 00 00   27G073...<......
      0030  10 b8 00 00 09 8c 00 01 33 01 00 0a 00 00 00 08   ........3.......
      0040  00 02 05 94 13 94 00 04 0d 01 03 e8 00 53 01 ce   .............S..
      0050  00 00 00 00 00 01 b3 6c 00 00 ff 8e 00 46 00 19   .......l.....F..
      0060  00 00 a5 aa 02 00 ff fb 01 46 00 00 c9 22 00 00   .........F..."..
      0070  00 15 00 13 00 05 00 00 00 00 00 00 01 59 01 4b   .............Y.K
      0080  00 73 00 04 00 00 75 64 00 00 57 cb 00 01 82 0a   .s....ud..W.....
      0090  ff ec ff ba 09 8c 13 94 01 59 00 dc 00 00 00 b4   .........Y......
      00a0  00 62 c4 93                                       .b..
[11:28:32.069] REPLY  slave=0x11  SOC=98%  solar=462W  home=331W  (gap: 10.2s, 0.2s after poke)
[11:28:32.069]   Register dump (slave=0x11 base=0 count=60):
[11:28:32.071]     r000=    1  r001= 2444  r003= 4280  r005= 2444  r006=    1  r007=13057
[11:28:32.071]     r008=   10  r010=    8  r011=    2  r012= 1428  r013= 5012  r014=    4  r015= 3329
[11:28:32.072]     r016= 1000  r017=   83  r018=  462  r021=    1  r022=45932
[11:28:32.072]     r024=65422  r025=   70  r026=   25  r028=42410  r029=  512  r030=65531  r031=  326
[11:28:32.073]     r033=51490  r035=   21  r036=   19  r037=    5
[11:28:32.073]     r041=  345  r042=  331  r043=  115  r044=    4  r046=30052
[11:28:32.074]     r048=22475  r049=    1  r050=33290  r051=65516  r052=65466  r053= 2444  r054= 5012  r055=  345
[11:28:32.074]     r056=  220  r058=  180  r059=   98
[11:28:32.075]   Non-zero registers: [0, 1, 3, 5, 6, 7, 8, 10, 11, 12, 13, 14, 15, 16, 17, 18, 21, 22, 24, 25, 26, 28, 29, 30, 31, 33, 35, 36, 37, 41, 42, 43, 44, 46, 48, 49, 50, 51, 52, 53, 54, 55, 56, 58, 59]
[11:28:42.093] POKES sent (IR)
[11:28:42.262] FRAME #24 len=164 func=02
      0000  59 59 00 01 00 9e 01 02 57 4a 32 33 32 37 47 30   YY......WJ2327G0
      0010  37 33 00 00 00 00 00 00 00 8a 11 04 43 48 32 33   73..........CH23
      0020  32 37 47 30 37 33 00 00 00 3c 00 01 09 8d 00 00   27G073...<......
      0030  10 b8 00 00 09 8d 00 01 33 01 00 0a 00 00 00 08   ........3.......
      0040  00 02 05 94 13 96 00 04 0d 02 03 e8 00 53 01 d2   .............S..
      0050  00 00 00 00 00 01 b3 6c 00 00 ff 8c 00 46 00 19   .......l.....F..
      0060  00 00 a5 aa 02 00 ff ff 01 4a 00 00 c9 22 00 00   .........J..."..
      0070  00 15 00 13 00 05 00 00 00 00 00 00 01 5a 01 4f   .............Z.O
      0080  00 75 00 04 00 00 75 64 00 00 57 cb 00 01 82 1a   .u....ud..W.....
      0090  ff ed ff bb 09 8d 13 96 01 5a 00 dc 00 00 00 b4   .........Z......
      00a0  00 62 b9 d2                                       .b..
[11:28:42.262] REPLY  slave=0x11  SOC=98%  solar=466W  home=335W  (gap: 10.2s, 0.2s after poke)
[11:28:42.262]   Register dump (slave=0x11 base=0 count=60):
[11:28:42.263]     r000=    1  r001= 2445  r003= 4280  r005= 2445  r006=    1  r007=13057
[11:28:42.264]     r008=   10  r010=    8  r011=    2  r012= 1428  r013= 5014  r014=    4  r015= 3330
[11:28:42.264]     r016= 1000  r017=   83  r018=  466  r021=    1  r022=45932
[11:28:42.265]     r024=65420  r025=   70  r026=   25  r028=42410  r029=  512  r030=65535  r031=  330
[11:28:42.266]     r033=51490  r035=   21  r036=   19  r037=    5
[11:28:42.267]     r041=  346  r042=  335  r043=  117  r044=    4  r046=30052
[11:28:42.267]     r048=22475  r049=    1  r050=33306  r051=65517  r052=65467  r053= 2445  r054= 5014  r055=  346
[11:28:42.268]     r056=  220  r058=  180  r059=   98
[11:28:42.268]   Non-zero registers: [0, 1, 3, 5, 6, 7, 8, 10, 11, 12, 13, 14, 15, 16, 17, 18, 21, 22, 24, 25, 26, 28, 29, 30, 31, 33, 35, 36, 37, 41, 42, 43, 44, 46, 48, 49, 50, 51, 52, 53, 54, 55, 56, 58, 59]
[11:28:52.283] POKES sent (IR)
[11:28:52.445] FRAME #25 len=164 func=02
      0000  59 59 00 01 00 9e 01 02 57 4a 32 33 32 37 47 30   YY......WJ2327G0
      0010  37 33 00 00 00 00 00 00 00 8a 11 04 43 48 32 33   73..........CH23
      0020  32 37 47 30 37 33 00 00 00 3c 00 01 09 8f 00 00   27G073...<......
      0030  10 b8 00 00 09 8f 00 01 33 01 00 0a 00 00 00 08   ........3.......
      0040  00 02 05 94 13 96 00 04 0d 04 03 e8 00 53 01 ce   .............S..
      0050  00 00 00 00 00 01 b3 6c 00 00 ff 8c 00 46 00 19   .......l.....F..
      0060  00 00 a5 aa 02 00 ff ff 01 4b 00 00 c9 22 00 00   .........K..."..
      0070  00 15 00 13 00 05 00 00 00 00 00 00 01 58 01 57   .............X.W
      0080  00 74 00 04 00 00 75 64 00 00 57 cb 00 01 82 2c   .t....ud..W....,
      0090  ff ed ff bb 09 8f 13 96 01 58 00 dc 00 00 00 b4   .........X......
      00a0  00 62 d0 a5                                       .b..
[11:28:52.446] REPLY  slave=0x11  SOC=98%  solar=462W  home=343W  (gap: 10.2s, 0.2s after poke)
[11:28:52.446]   Register dump (slave=0x11 base=0 count=60):
[11:28:52.447]     r000=    1  r001= 2447  r003= 4280  r005= 2447  r006=    1  r007=13057
[11:28:52.448]     r008=   10  r010=    8  r011=    2  r012= 1428  r013= 5014  r014=    4  r015= 3332
[11:28:52.448]     r016= 1000  r017=   83  r018=  462  r021=    1  r022=45932
[11:28:52.449]     r024=65420  r025=   70  r026=   25  r028=42410  r029=  512  r030=65535  r031=  331
[11:28:52.449]     r033=51490  r035=   21  r036=   19  r037=    5
[11:28:52.450]     r041=  344  r042=  343  r043=  116  r044=    4  r046=30052
[11:28:52.450]     r048=22475  r049=    1  r050=33324  r051=65517  r052=65467  r053= 2447  r054= 5014  r055=  344
[11:28:52.451]     r056=  220  r058=  180  r059=   98
[11:28:52.451]   Non-zero registers: [0, 1, 3, 5, 6, 7, 8, 10, 11, 12, 13, 14, 15, 16, 17, 18, 21, 22, 24, 25, 26, 28, 29, 30, 31, 33, 35, 36, 37, 41, 42, 43, 44, 46, 48, 49, 50, 51, 52, 53, 54, 55, 56, 58, 59]
[11:29:00.453] ... 25 replies, max gap 20s, slave(s): 0x01, 0x02, 0x11, 0x50, 0x51, 0x52, 0x53, 0x70, 0xa0
[11:29:02.456] POKES sent (IR)
[11:29:02.634] FRAME #26 len=164 func=02
      0000  59 59 00 01 00 9e 01 02 57 4a 32 33 32 37 47 30   YY......WJ2327G0
      0010  37 33 00 00 00 00 00 00 00 8a 11 04 43 48 32 33   73..........CH23
      0020  32 37 47 30 37 33 00 00 00 3c 00 01 09 92 00 00   27G073...<......
      0030  10 b8 00 00 09 92 00 01 33 01 00 0a 00 00 00 08   ........3.......
      0040  00 02 05 94 13 95 00 04 0d 06 03 e8 00 53 01 ca   .............S..
      0050  00 00 00 00 00 01 b3 6c 00 00 ff 8e 00 46 00 19   .......l.....F..
      0060  00 00 a5 aa 02 00 00 00 01 4a 00 00 c9 22 00 00   .........J..."..
      0070  00 15 00 13 00 05 00 00 00 00 00 00 01 5b 01 51   .............[.Q
      0080  00 75 00 04 00 00 75 64 00 00 57 cb 00 01 82 40   .u....ud..W....@
      0090  ff ed ff bd 09 92 13 95 01 5b 00 dc 00 00 00 b4   .........[......
      00a0  00 62 64 c7                                       .bd.
[11:29:02.635] REPLY  slave=0x11  SOC=98%  solar=458W  home=337W  (gap: 10.2s, 0.2s after poke)
[11:29:02.635]   Register dump (slave=0x11 base=0 count=60):
[11:29:02.636]     r000=    1  r001= 2450  r003= 4280  r005= 2450  r006=    1  r007=13057
[11:29:02.637]     r008=   10  r010=    8  r011=    2  r012= 1428  r013= 5013  r014=    4  r015= 3334
[11:29:02.637]     r016= 1000  r017=   83  r018=  458  r021=    1  r022=45932
[11:29:02.638]     r024=65422  r025=   70  r026=   25  r028=42410  r029=  512  r031=  330
[11:29:02.638]     r033=51490  r035=   21  r036=   19  r037=    5
[11:29:02.639]     r041=  347  r042=  337  r043=  117  r044=    4  r046=30052
[11:29:02.639]     r048=22475  r049=    1  r050=33344  r051=65517  r052=65469  r053= 2450  r054= 5013  r055=  347
[11:29:02.640]     r056=  220  r058=  180  r059=   98
[11:29:02.640]   Non-zero registers: [0, 1, 3, 5, 6, 7, 8, 10, 11, 12, 13, 14, 15, 16, 17, 18, 21, 22, 24, 25, 26, 28, 29, 31, 33, 35, 36, 37, 41, 42, 43, 44, 46, 48, 49, 50, 51, 52, 53, 54, 55, 56, 58, 59]
[11:29:12.644] POKES sent (IR)
[11:29:12.813] FRAME #27 len=164 func=02
      0000  59 59 00 01 00 9e 01 02 57 4a 32 33 32 37 47 30   YY......WJ2327G0
      0010  37 33 00 00 00 00 00 00 00 8a 11 04 43 48 32 33   73..........CH23
      0020  32 37 47 30 37 33 00 00 00 3c 00 01 09 91 00 00   27G073...<......
      0030  10 b8 00 00 09 91 00 01 33 01 00 0a 00 00 00 08   ........3.......
      0040  00 02 05 94 13 95 00 04 0d 07 03 e8 00 53 01 ca   .............S..
      0050  00 00 00 00 00 01 b3 6c 00 00 ff 90 00 46 00 19   .......l.....F..
      0060  00 00 a5 aa 02 00 00 00 01 55 00 00 c9 22 00 00   .........U..."..
      0070  00 15 00 13 00 05 00 00 00 00 00 00 01 5b 01 4c   .............[.L
      0080  00 71 00 04 00 00 75 64 00 00 57 cb 00 01 82 50   .q....ud..W....P
      0090  ff ed ff bf 09 91 13 95 01 5b 00 dc 00 00 00 b4   .........[......
      00a0  00 62 c3 5b                                       .b.[
[11:29:12.813] REPLY  slave=0x11  SOC=98%  solar=458W  home=332W  (gap: 10.2s, 0.2s after poke)
[11:29:12.813]   Register dump (slave=0x11 base=0 count=60):
[11:29:12.815]     r000=    1  r001= 2449  r003= 4280  r005= 2449  r006=    1  r007=13057
[11:29:12.815]     r008=   10  r010=    8  r011=    2  r012= 1428  r013= 5013  r014=    4  r015= 3335
[11:29:12.816]     r016= 1000  r017=   83  r018=  458  r021=    1  r022=45932
[11:29:12.816]     r024=65424  r025=   70  r026=   25  r028=42410  r029=  512  r031=  341
[11:29:12.818]     r033=51490  r035=   21  r036=   19  r037=    5
[11:29:12.818]     r041=  347  r042=  332  r043=  113  r044=    4  r046=30052
[11:29:12.819]     r048=22475  r049=    1  r050=33360  r051=65517  r052=65471  r053= 2449  r054= 5013  r055=  347
[11:29:12.819]     r056=  220  r058=  180  r059=   98
[11:29:12.820]   Non-zero registers: [0, 1, 3, 5, 6, 7, 8, 10, 11, 12, 13, 14, 15, 16, 17, 18, 21, 22, 24, 25, 26, 28, 29, 31, 33, 35, 36, 37, 41, 42, 43, 44, 46, 48, 49, 50, 51, 52, 53, 54, 55, 56, 58, 59]
[11:29:20.848] FRAME #28 len=19 func=01
      0000  59 59 00 01 00 0d 01 01 57 4a 32 33 32 37 47 30   YY......WJ2327G0
      0010  37 33 01                                          73.
[11:29:20.848] HEARTBEAT received  ->  ACK sent (#1, dummy serial)
[11:29:22.850] POKES sent (IR)
[11:29:23.000] FRAME #29 len=164 func=02
      0000  59 59 00 01 00 9e 01 02 57 4a 32 33 32 37 47 30   YY......WJ2327G0
      0010  37 33 00 00 00 00 00 00 00 8a 11 04 43 48 32 33   73..........CH23
      0020  32 37 47 30 37 33 00 00 00 3c 00 01 09 79 00 00   27G073...<...y..
      0030  10 b8 00 00 09 79 00 01 33 01 00 0a 00 00 00 08   .....y..3.......
      0040  00 02 05 94 13 95 00 04 0d 0a 03 e8 00 53 01 c6   .............S..
      0050  00 00 00 00 00 01 b3 6c 00 00 ff 90 00 46 00 19   .......l.....F..
      0060  00 00 a5 aa 02 00 00 01 01 49 00 00 c9 22 00 00   .........I..."..
      0070  00 15 00 13 00 05 00 00 00 00 00 00 01 5a 01 49   .............Z.I
      0080  00 6f 00 04 00 00 75 64 00 00 57 cb 00 01 82 63   .o....ud..W....c
      0090  ff ef ff c4 09 79 13 95 01 5a 00 dc 00 00 00 b4   .....y...Z......
      00a0  00 62 e4 c2                                       .b..
[11:29:23.000] REPLY  slave=0x11  SOC=98%  solar=454W  home=329W  (gap: 10.2s, 0.2s after poke)
[11:29:23.001]   Register dump (slave=0x11 base=0 count=60):
[11:29:23.002]     r000=    1  r001= 2425  r003= 4280  r005= 2425  r006=    1  r007=13057
[11:29:23.002]     r008=   10  r010=    8  r011=    2  r012= 1428  r013= 5013  r014=    4  r015= 3338
[11:29:23.003]     r016= 1000  r017=   83  r018=  454  r021=    1  r022=45932
[11:29:23.003]     r024=65424  r025=   70  r026=   25  r028=42410  r029=  512  r030=    1  r031=  329
[11:29:23.004]     r033=51490  r035=   21  r036=   19  r037=    5
[11:29:23.005]     r041=  346  r042=  329  r043=  111  r044=    4  r046=30052
[11:29:23.005]     r048=22475  r049=    1  r050=33379  r051=65519  r052=65476  r053= 2425  r054= 5013  r055=  346
[11:29:23.006]     r056=  220  r058=  180  r059=   98
[11:29:23.006]   Non-zero registers: [0, 1, 3, 5, 6, 7, 8, 10, 11, 12, 13, 14, 15, 16, 17, 18, 21, 22, 24, 25, 26, 28, 29, 30, 31, 33, 35, 36, 37, 41, 42, 43, 44, 46, 48, 49, 50, 51, 52, 53, 54, 55, 56, 58, 59]
[11:29:31.020] ... 28 replies, max gap 20s, slave(s): 0x01, 0x02, 0x11, 0x50, 0x51, 0x52, 0x53, 0x70, 0xa0
[11:29:33.023] POKES sent (IR)
[11:29:33.190] FRAME #30 len=164 func=02
      0000  59 59 00 01 00 9e 01 02 57 4a 32 33 32 37 47 30   YY......WJ2327G0
      0010  37 33 00 00 00 00 00 00 00 8a 11 04 43 48 32 33   73..........CH23
      0020  32 37 47 30 37 33 00 00 00 3c 00 01 09 7a 00 00   27G073...<...z..
      0030  10 b8 00 00 09 7a 00 01 33 01 00 0a 00 00 00 07   .....z..3.......
      0040  00 02 05 94 13 96 00 04 0d 0b 03 e8 00 53 01 c0   .............S..
      0050  00 00 00 00 00 01 b3 6c 00 00 ff 98 00 46 00 19   .......l.....F..
      0060  00 00 a5 aa 02 00 00 00 01 4a 00 00 c9 22 00 00   .........J..."..
      0070  00 15 00 13 00 05 00 00 00 00 00 00 01 5a 01 3f   .............Z.?
      0080  00 68 00 04 00 00 75 64 00 00 57 cb 00 01 82 72   .h....ud..W....r
      0090  ff f0 ff c8 09 7a 13 96 01 5a 00 dc 00 00 00 aa   .....z...Z......
      00a0  00 62 8d 67                                       .b.g
[11:29:33.190] REPLY  slave=0x11  SOC=98%  solar=448W  home=319W  (gap: 10.2s, 0.2s after poke)
[11:29:33.190]   Register dump (slave=0x11 base=0 count=60):
[11:29:33.192]     r000=    1  r001= 2426  r003= 4280  r005= 2426  r006=    1  r007=13057
[11:29:33.192]     r008=   10  r010=    7  r011=    2  r012= 1428  r013= 5014  r014=    4  r015= 3339
[11:29:33.193]     r016= 1000  r017=   83  r018=  448  r021=    1  r022=45932
[11:29:33.194]     r024=65432  r025=   70  r026=   25  r028=42410  r029=  512  r031=  330
[11:29:33.194]     r033=51490  r035=   21  r036=   19  r037=    5
[11:29:33.195]     r041=  346  r042=  319  r043=  104  r044=    4  r046=30052
[11:29:33.195]     r048=22475  r049=    1  r050=33394  r051=65520  r052=65480  r053= 2426  r054= 5014  r055=  346
[11:29:33.196]     r056=  220  r058=  170  r059=   98
[11:29:33.196]   Non-zero registers: [0, 1, 3, 5, 6, 7, 8, 10, 11, 12, 13, 14, 15, 16, 17, 18, 21, 22, 24, 25, 26, 28, 29, 31, 33, 35, 36, 37, 41, 42, 43, 44, 46, 48, 49, 50, 51, 52, 53, 54, 55, 56, 58, 59]
[11:29:43.214] POKES sent (IR)
[11:29:43.372] FRAME #31 len=164 func=02
      0000  59 59 00 01 00 9e 01 02 57 4a 32 33 32 37 47 30   YY......WJ2327G0
      0010  37 33 00 00 00 00 00 00 00 8a 11 04 43 48 32 33   73..........CH23
      0020  32 37 47 30 37 33 00 00 00 3c 00 01 09 89 00 00   27G073...<......
      0030  10 b8 00 00 09 89 00 01 33 01 00 0a 00 00 00 08   ........3.......
      0040  00 02 05 94 13 96 00 04 0d 0c 03 e8 00 53 01 c3   .............S..
      0050  00 00 00 00 00 01 b3 6c 00 00 ff 97 00 46 00 19   .......l.....F..
      0060  00 00 a5 aa 02 00 ff fe 01 47 00 00 c9 22 00 00   .........G..."..
      0070  00 15 00 13 00 05 00 00 00 00 00 00 01 58 01 4c   .............X.L
      0080  00 69 00 04 00 00 75 64 00 00 57 cb 00 01 82 7b   .i....ud..W....{
      0090  ff f0 ff c5 09 89 13 96 01 58 00 dc 00 00 00 b4   .........X......
      00a0  00 62 26 30                                       .b&0
[11:29:43.372] REPLY  slave=0x11  SOC=98%  solar=451W  home=332W  (gap: 10.2s, 0.2s after poke)
[11:29:43.372]   Register dump (slave=0x11 base=0 count=60):
[11:29:43.374]     r000=    1  r001= 2441  r003= 4280  r005= 2441  r006=    1  r007=13057
[11:29:43.374]     r008=   10  r010=    8  r011=    2  r012= 1428  r013= 5014  r014=    4  r015= 3340
[11:29:43.375]     r016= 1000  r017=   83  r018=  451  r021=    1  r022=45932
[11:29:43.375]     r024=65431  r025=   70  r026=   25  r028=42410  r029=  512  r030=65534  r031=  327
[11:29:43.376]     r033=51490  r035=   21  r036=   19  r037=    5
[11:29:43.376]     r041=  344  r042=  332  r043=  105  r044=    4  r046=30052
[11:29:43.377]     r048=22475  r049=    1  r050=33403  r051=65520  r052=65477  r053= 2441  r054= 5014  r055=  344
[11:29:43.377]     r056=  220  r058=  180  r059=   98
[11:29:43.378]   Non-zero registers: [0, 1, 3, 5, 6, 7, 8, 10, 11, 12, 13, 14, 15, 16, 17, 18, 21, 22, 24, 25, 26, 28, 29, 30, 31, 33, 35, 36, 37, 41, 42, 43, 44, 46, 48, 49, 50, 51, 52, 53, 54, 55, 56, 58, 59]
[11:29:47.378] ----------------------------------------------------------------
[11:29:47.378] RESULT SUMMARY
[11:29:47.379]   Mode:                 NORMAL (poke-and-listen)
[11:29:47.380]   Adapter serial seen:  WJ2327G073
[11:29:47.380]   Replies received:     30
[11:29:47.381]   Slave address(es):    0x01, 0x02, 0x11, 0x50, 0x51, 0x52, 0x53, 0x70, 0xa0
[11:29:47.381]   Longest gap:          20s
[11:29:47.382]   Heartbeats / acked:   1 / yes
[11:29:47.382]   Total frames / bytes: 31 / 4939
[11:29:47.383] Please send back:  capture_20260610_112628.bin  and  capture_20260610_112628.log
