[00:35:31.414] === GivEnergy connection diagnostic ===
[00:35:31.415] Target:        192.168.68.62:8899
[00:35:31.415] Mode:          SLOT HUNT (HR sweep for schedule slots)
[00:35:31.415] Heartbeat ACK: ON (dummy serial)
[00:35:31.415] Raw bytes:     capture_20260611_003531.bin
[00:35:31.416] Ctrl+C to stop. Type a note + Enter to mark an event.
[00:35:31.416] ----------------------------------------------------------------
[00:35:31.417] Connecting to 192.168.68.62:8899 ...
[00:35:39.445] Connected.
[00:35:39.445] ================================================================
[00:35:39.450] SLOT REGISTER HUNT (All in One)
[00:35:39.450] ================================================================
[00:35:39.450] 
[00:35:39.450] Sweeps the holding-register ranges where schedule slots could live
[00:35:39.450] and flags every value that looks like an HH:MM time.
[00:35:39.451] Make sure your schedules are still set in the GivEnergy app!
[00:35:39.451] 
[00:35:39.451] --- Probe CTRL-1: IR(0,60)    control - live data, should always work ---
[00:35:39.451] TX HEX: 59590001001c010241423132333447353637000000000000000811040000003cf28b
[00:35:39.615] FRAME #1 len=164 func=02
      0000  59 59 00 01 00 9e 01 02 57 4a 32 33 32 37 47 30   YY......WJ2327G0
      0010  37 33 00 00 00 00 00 00 00 8a 11 04 43 48 32 33   73..........CH23
      0020  32 37 47 30 37 33 00 00 00 3c 00 01 00 00 00 00   27G073...<......
      0030  10 b8 00 00 09 6f 00 01 33 20 00 00 00 00 00 11   .....o..3 ......
      0040  00 02 06 42 13 84 00 05 0c 7d 03 e8 00 00 00 00   ...B.....}......
      0050  00 00 00 00 00 01 b3 ff 00 00 01 70 00 00 00 0b   ...........p....
      0060  00 00 a5 bc 02 00 00 00 01 5f 00 00 c9 2d 00 00   ........._...-..
      0070  00 0a 00 09 00 00 00 00 00 00 00 00 01 74 01 79   .............t.y
      0080  01 70 00 00 00 00 75 70 00 00 57 d8 00 01 7c e8   .p....up..W...|.
      0090  00 82 01 a4 09 6f 13 84 01 74 00 e1 00 00 00 b4   .....o...t......
      00a0  00 63 a3 cf                                       .c..
[00:35:39.615] Probe CTRL-1 RESULT: OK - MATCHED in 0.164s
[00:35:39.616]   Register dump (slave=0x11 IR base=0 count=60):
[00:35:39.616]     IR0000=    1  IR0003= 4280  IR0005= 2415  IR0006=    1  IR0007=13088  IR0010=   17
[00:35:39.616]     IR0011=    2  IR0012= 1602  IR0013= 4996  IR0014=    5  IR0015= 3197  IR0016= 1000
[00:35:39.616]     IR0021=    1  IR0022=46079  IR0024=  368  IR0026=   11  IR0028=42428  IR0029=  512
[00:35:39.617]     IR0031=  351  IR0033=51501  IR0035=   10  IR0036=    9  IR0041=  372  IR0042=  377
[00:35:39.617]     IR0043=  368  IR0046=30064  IR0048=22488  IR0049=    1  IR0050=31976  IR0051=  130
[00:35:39.617]     IR0052=  420  IR0053= 2415  IR0054= 4996  IR0055=  372  IR0056=  225  IR0058=  180
[00:35:39.617]     IR0059=   99
[00:35:40.618] --- Probe HR-A: HR(0,60)    charge2 31/32, dis2 44/45, dis1 56/57 ---
[00:35:40.618] TX HEX: 59590001001c010241423132333447353637000000000000000811030000003c474b
[00:35:42.055] FRAME #2 len=164 func=02
      0000  59 59 00 01 00 9e 01 02 57 4a 32 33 32 37 47 30   YY......WJ2327G0
      0010  37 33 00 00 00 00 00 00 00 8a 11 03 43 48 32 33   73..........CH23
      0020  32 37 47 30 37 33 00 00 00 3c 80 01 00 03 0c 3c   27G073...<.....<
      0030  00 00 00 00 00 00 0e 10 00 01 48 43 32 33 32 37   ..........HC2327
      0040  47 30 37 33 43 48 32 33 32 37 47 30 37 33 00 0d   G073CH2327G073..
      0050  02 6c 00 00 02 6c 00 02 00 00 c0 00 00 00 17 70   .l...l.........p
      0060  00 01 00 00 00 00 00 11 00 01 00 00 00 07 00 8c   ................
      0070  00 1a 00 06 00 0b 00 00 00 23 00 26 00 00 00 00   .........#.&....
      0080  00 00 05 79 05 7a 00 0d 00 01 00 00 00 00 00 64   ...y.z.........d
      0090  00 00 00 00 00 01 00 01 00 34 05 15 05 16 00 01   .........4......
      00a0  00 00 6c a3                                       ..l.
[00:35:42.055] Probe HR-A RESULT: OK - MATCHED in 1.437s
[00:35:42.057]   Register dump (slave=0x11 HR base=0 count=60):
[00:35:42.057]     HR0000=32769  HR0001=    3  HR0002= 3132  HR0006= 3600  HR0007=    1  HR0008=18499
[00:35:42.058]     HR0009=12851  HR0010=12855  HR0011=18224  HR0012=14131  HR0013=17224  HR0014=12851
[00:35:42.058]     HR0015=12855  HR0016=18224  HR0017=14131  HR0018=   13  HR0019=  620  HR0021=  620
[00:35:42.059]     HR0022=    2  HR0024=49152  HR0026= 6000  HR0027=    1  HR0030=   17  HR0031=    1
[00:35:42.059]     HR0033=    7  HR0034=  140  HR0035=   26  HR0036=    6  HR0037=   11  HR0039=   35
[00:35:42.060]     HR0040=   38  HR0044= 1401  HR0045= 1402  HR0046=   13  HR0047=    1  HR0050=  100
[00:35:42.060]     HR0053=    1  HR0054=    1  HR0055=   52  HR0056= 1301  HR0057= 1302  HR0058=    1
[00:35:42.061]     >>> HR 1 = 3     could be a time: 00:03
[00:35:42.061]     >>> HR 7 = 1     could be a time: 00:01
[00:35:42.062]     >>> HR 18 = 13    could be a time: 00:13
[00:35:42.062]     >>> HR 19 = 620   could be a time: 06:20
[00:35:42.063]     >>> HR 21 = 620   could be a time: 06:20
[00:35:42.063]     >>> HR 22 = 2     could be a time: 00:02
[00:35:42.064]     >>> HR 27 = 1     could be a time: 00:01
[00:35:42.064]     >>> HR 30 = 17    could be a time: 00:17
[00:35:42.064]     >>> HR 31 = 1     could be a time: 00:01
[00:35:42.065]     >>> HR 33 = 7     could be a time: 00:07
[00:35:42.065]     >>> HR 34 = 140   could be a time: 01:40
[00:35:42.066]     >>> HR 35 = 26    could be a time: 00:26
[00:35:42.066]     >>> HR 36 = 6     could be a time: 00:06
[00:35:42.068]     >>> HR 37 = 11    could be a time: 00:11
[00:35:42.069]     >>> HR 39 = 35    could be a time: 00:35
[00:35:42.069]     >>> HR 40 = 38    could be a time: 00:38
[00:35:42.070]     >>> HR 44 = 1401  could be a time: 14:01
[00:35:42.070]     >>> HR 45 = 1402  could be a time: 14:02
[00:35:42.071]     >>> HR 46 = 13    could be a time: 00:13
[00:35:42.071]     >>> HR 47 = 1     could be a time: 00:01
[00:35:42.071]     >>> HR 50 = 100   could be a time: 01:00
[00:35:42.072]     >>> HR 53 = 1     could be a time: 00:01
[00:35:42.072]     >>> HR 54 = 1     could be a time: 00:01
[00:35:42.073]     >>> HR 55 = 52    could be a time: 00:52
[00:35:42.073]     >>> HR 56 = 1301  could be a time: 13:01
[00:35:42.074]     >>> HR 57 = 1302  could be a time: 13:02
[00:35:42.074]     >>> HR 58 = 1     could be a time: 00:01
[00:35:43.075] --- Probe HR-B: HR(60,60)   charge1 94/95, enable 96, target 116 ---
[00:35:43.076] TX HEX: 59590001001c01024142313233344735363700000000000000081103003c003c8747
[00:35:43.233] FRAME #3 len=164 func=02
      0000  59 59 00 01 00 9e 01 02 57 4a 32 33 32 37 47 30   YY......WJ2327G0
      0010  37 33 00 00 00 00 00 00 00 8a 11 03 43 48 32 33   73..........CH23
      0020  32 37 47 30 37 33 00 3c 00 3c 05 dc 00 1e 00 1e   27G073.<.<......
      0030  07 30 0a 3e 12 8e 14 50 00 7d 00 32 03 e8 00 19   .0.>...P.}.2....
      0040  07 08 0a aa 12 5c 14 50 00 7a 00 19 00 19 00 19   .....\.P.z......
      0050  07 58 0a 14 12 98 14 46 0a 3e 53 43 31 2e 30 00   .X.....F.>SC1.0.
      0060  00 00 00 00 00 00 00 00 00 00 00 00 00 00 00 65   ...............e
      0070  00 66 00 00 4e 20 88 b8 4e 20 4e 20 00 64 00 00   .f..N ..N N .d..
      0080  00 00 00 00 00 00 00 00 00 00 00 06 00 01 00 04   ................
      0090  00 32 00 32 00 00 00 04 00 01 00 64 00 00 00 00   .2.2.......d....
      00a0  00 00 0c a3                                       ....
[00:35:43.234] Probe HR-B RESULT: OK - MATCHED in 0.157s
[00:35:43.235]   Register dump (slave=0x11 HR base=60 count=60):
[00:35:43.236]     HR0060= 1500  HR0061=   30  HR0062=   30  HR0063= 1840  HR0064= 2622  HR0065= 4750
[00:35:43.236]     HR0066= 5200  HR0067=  125  HR0068=   50  HR0069= 1000  HR0070=   25  HR0071= 1800
[00:35:43.237]     HR0072= 2730  HR0073= 4700  HR0074= 5200  HR0075=  122  HR0076=   25  HR0077=   25
[00:35:43.237]     HR0078=   25  HR0079= 1880  HR0080= 2580  HR0081= 4760  HR0082= 5190  HR0083= 2622
[00:35:43.238]     HR0084=21315  HR0085=12590  HR0086=12288  HR0094=  101  HR0095=  102  HR0097=20000
[00:35:43.238]     HR0098=35000  HR0099=20000  HR0100=20000  HR0101=  100  HR0108=    6  HR0109=    1
[00:35:43.239]     HR0110=    4  HR0111=   50  HR0112=   50  HR0114=    4  HR0115=    1  HR0116=  100
[00:35:43.239]     >>> HR 60 = 1500  could be a time: 15:00
[00:35:43.240]     >>> HR 61 = 30    could be a time: 00:30
[00:35:43.240]     >>> HR 62 = 30    could be a time: 00:30
[00:35:43.241]     >>> HR 63 = 1840  could be a time: 18:40
[00:35:43.241]     >>> HR 67 = 125   could be a time: 01:25
[00:35:43.242]     >>> HR 68 = 50    could be a time: 00:50
[00:35:43.242]     >>> HR 69 = 1000  could be a time: 10:00
[00:35:43.242]     >>> HR 70 = 25    could be a time: 00:25
[00:35:43.243]     >>> HR 71 = 1800  could be a time: 18:00
[00:35:43.243]     >>> HR 75 = 122   could be a time: 01:22
[00:35:43.244]     >>> HR 76 = 25    could be a time: 00:25
[00:35:43.244]     >>> HR 77 = 25    could be a time: 00:25
[00:35:43.245]     >>> HR 78 = 25    could be a time: 00:25
[00:35:43.245]     >>> HR 94 = 101   could be a time: 01:01
[00:35:43.245]     >>> HR 95 = 102   could be a time: 01:02
[00:35:43.246]     >>> HR 101 = 100   could be a time: 01:00
[00:35:43.246]     >>> HR 108 = 6     could be a time: 00:06
[00:35:43.247]     >>> HR 109 = 1     could be a time: 00:01
[00:35:43.247]     >>> HR 110 = 4     could be a time: 00:04
[00:35:43.250]     >>> HR 111 = 50    could be a time: 00:50
[00:35:43.250]     >>> HR 112 = 50    could be a time: 00:50
[00:35:43.251]     >>> HR 114 = 4     could be a time: 00:04
[00:35:43.251]     >>> HR 115 = 1     could be a time: 00:01
[00:35:43.251]     >>> HR 116 = 100   could be a time: 01:00
[00:35:44.252] --- Probe HR-C: HR(120,60)  config block 3 ---
[00:35:44.253] TX HEX: 59590001001c010241423132333447353637000000000000000811030078003cc752
[00:35:44.406] FRAME #4 len=164 func=02
      0000  59 59 00 01 00 9e 01 02 57 4a 32 33 32 37 47 30   YY......WJ2327G0
      0010  37 33 00 00 00 00 00 00 00 8a 11 03 43 48 32 33   73..........CH23
      0020  32 37 47 30 37 33 00 78 00 3c 00 00 00 00 00 00   27G073.x.<......
      0030  00 18 00 01 00 01 00 00 00 00 00 01 00 01 00 ff   ................
      0040  4e 20 00 ff 4e 20 00 ff 4e 20 00 ff 4e 20 09 b4   N ..N ..N ..N ..
      0050  09 e2 08 44 08 16 00 14 00 05 09 6f 08 fc 00 00   ...D.......o....
      0060  00 00 00 00 00 00 00 00 00 00 00 00 00 00 00 00   ................
      0070  00 00 00 00 00 00 00 00 00 00 00 00 00 00 00 00   ................
      0080  00 00 00 00 00 00 00 01 00 01 00 00 00 00 00 00   ................
      0090  00 00 00 00 00 00 00 00 00 00 00 0f 00 01 00 00   ................
      00a0  00 00 5c 7e                                       ..\~
[00:35:44.406] Probe HR-C RESULT: OK - MATCHED in 0.152s
[00:35:44.408]   Register dump (slave=0x11 HR base=120 count=60):
[00:35:44.408]     HR0123=   24  HR0124=    1  HR0125=    1  HR0128=    1  HR0129=    1  HR0130=  255
[00:35:44.409]     HR0131=20000  HR0132=  255  HR0133=20000  HR0134=  255  HR0135=20000  HR0136=  255
[00:35:44.409]     HR0137=20000  HR0138= 2484  HR0139= 2530  HR0140= 2116  HR0141= 2070  HR0142=   20
[00:35:44.410]     HR0143=    5  HR0144= 2415  HR0145= 2300  HR0166=    1  HR0167=    1  HR0176=   15
[00:35:44.410]     HR0177=    1
[00:35:44.411]     >>> HR 123 = 24    could be a time: 00:24
[00:35:44.411]     >>> HR 124 = 1     could be a time: 00:01
[00:35:44.412]     >>> HR 125 = 1     could be a time: 00:01
[00:35:44.412]     >>> HR 128 = 1     could be a time: 00:01
[00:35:44.413]     >>> HR 129 = 1     could be a time: 00:01
[00:35:44.413]     >>> HR 130 = 255   could be a time: 02:55
[00:35:44.413]     >>> HR 132 = 255   could be a time: 02:55
[00:35:44.414]     >>> HR 134 = 255   could be a time: 02:55
[00:35:44.414]     >>> HR 136 = 255   could be a time: 02:55
[00:35:44.415]     >>> HR 140 = 2116  could be a time: 21:16
[00:35:44.415]     >>> HR 142 = 20    could be a time: 00:20
[00:35:44.415]     >>> HR 143 = 5     could be a time: 00:05
[00:35:44.416]     >>> HR 145 = 2300  could be a time: 23:00
[00:35:44.416]     >>> HR 166 = 1     could be a time: 00:01
[00:35:44.417]     >>> HR 167 = 1     could be a time: 00:01
[00:35:44.417]     >>> HR 176 = 15    could be a time: 00:15
[00:35:44.418]     >>> HR 177 = 1     could be a time: 00:01
[00:35:45.418] --- Probe HR-D: HR(240,60)  extended slots 3-10 + SOC targets ---
[00:35:45.419] TX HEX: 59590001001c0102414231323334473536370000000000000008110300f0003c4778
[00:35:45.605] FRAME #5 len=164 func=02
      0000  59 59 00 01 00 9e 01 02 57 4a 32 33 32 37 47 30   YY......WJ2327G0
      0010  37 33 00 00 00 00 00 00 00 8a 11 03 43 48 32 33   73..........CH23
      0020  32 37 47 30 37 33 00 f0 00 3c 00 00 00 00 00 64   27G073...<.....d
      0030  00 c9 00 ca 00 64 01 2d 01 2e 00 64 01 91 01 92   .....d.-...d....
      0040  00 64 01 f5 01 f6 00 64 02 59 02 5a 00 64 02 bd   .d.....d.Y.Z.d..
      0050  02 be 00 64 03 21 03 22 00 64 03 85 03 86 00 64   ...d.!.".d.....d
      0060  03 e9 03 ea 00 64 00 00 00 00 00 04 00 00 00 00   .....d..........
      0070  00 04 05 dd 05 de 00 04 06 41 06 42 00 04 06 a5   .........A.B....
      0080  06 a6 00 04 07 09 07 0a 00 04 07 6d 07 6e 00 04   ...........m.n..
      0090  07 d1 07 d2 00 04 08 35 08 36 00 04 08 99 08 9a   .......5.6......
      00a0  00 04 40 c6                                       ..@.
[00:35:45.605] Probe HR-D RESULT: OK - MATCHED in 0.185s
[00:35:45.606]   Register dump (slave=0x11 HR base=240 count=60):
[00:35:45.607]     HR0242=  100  HR0243=  201  HR0244=  202  HR0245=  100  HR0246=  301  HR0247=  302
[00:35:45.607]     HR0248=  100  HR0249=  401  HR0250=  402  HR0251=  100  HR0252=  501  HR0253=  502
[00:35:45.608]     HR0254=  100  HR0255=  601  HR0256=  602  HR0257=  100  HR0258=  701  HR0259=  702
[00:35:45.608]     HR0260=  100  HR0261=  801  HR0262=  802  HR0263=  100  HR0264=  901  HR0265=  902
[00:35:45.609]     HR0266=  100  HR0267= 1001  HR0268= 1002  HR0269=  100  HR0272=    4  HR0275=    4
[00:35:45.609]     HR0276= 1501  HR0277= 1502  HR0278=    4  HR0279= 1601  HR0280= 1602  HR0281=    4
[00:35:45.610]     HR0282= 1701  HR0283= 1702  HR0284=    4  HR0285= 1801  HR0286= 1802  HR0287=    4
[00:35:45.610]     HR0288= 1901  HR0289= 1902  HR0290=    4  HR0291= 2001  HR0292= 2002  HR0293=    4
[00:35:45.611]     HR0294= 2101  HR0295= 2102  HR0296=    4  HR0297= 2201  HR0298= 2202  HR0299=    4
[00:35:45.611]     >>> HR 242 = 100   could be a time: 01:00
[00:35:45.612]     >>> HR 243 = 201   could be a time: 02:01
[00:35:45.612]     >>> HR 244 = 202   could be a time: 02:02
[00:35:45.613]     >>> HR 245 = 100   could be a time: 01:00
[00:35:45.613]     >>> HR 246 = 301   could be a time: 03:01
[00:35:45.614]     >>> HR 247 = 302   could be a time: 03:02
[00:35:45.614]     >>> HR 248 = 100   could be a time: 01:00
[00:35:45.614]     >>> HR 249 = 401   could be a time: 04:01
[00:35:45.615]     >>> HR 250 = 402   could be a time: 04:02
[00:35:45.615]     >>> HR 251 = 100   could be a time: 01:00
[00:35:45.616]     >>> HR 252 = 501   could be a time: 05:01
[00:35:45.616]     >>> HR 253 = 502   could be a time: 05:02
[00:35:45.617]     >>> HR 254 = 100   could be a time: 01:00
[00:35:45.617]     >>> HR 255 = 601   could be a time: 06:01
[00:35:45.617]     >>> HR 256 = 602   could be a time: 06:02
[00:35:45.618]     >>> HR 257 = 100   could be a time: 01:00
[00:35:45.618]     >>> HR 258 = 701   could be a time: 07:01
[00:35:45.619]     >>> HR 259 = 702   could be a time: 07:02
[00:35:45.619]     >>> HR 260 = 100   could be a time: 01:00
[00:35:45.620]     >>> HR 261 = 801   could be a time: 08:01
[00:35:45.620]     >>> HR 262 = 802   could be a time: 08:02
[00:35:45.623]     >>> HR 263 = 100   could be a time: 01:00
[00:35:45.623]     >>> HR 264 = 901   could be a time: 09:01
[00:35:45.624]     >>> HR 265 = 902   could be a time: 09:02
[00:35:45.624]     >>> HR 266 = 100   could be a time: 01:00
[00:35:45.625]     >>> HR 267 = 1001  could be a time: 10:01
[00:35:45.625]     >>> HR 268 = 1002  could be a time: 10:02
[00:35:45.625]     >>> HR 269 = 100   could be a time: 01:00
[00:35:45.626]     >>> HR 272 = 4     could be a time: 00:04
[00:35:45.626]     >>> HR 275 = 4     could be a time: 00:04
[00:35:45.627]     >>> HR 276 = 1501  could be a time: 15:01
[00:35:45.627]     >>> HR 277 = 1502  could be a time: 15:02
[00:35:45.627]     >>> HR 278 = 4     could be a time: 00:04
[00:35:45.628]     >>> HR 279 = 1601  could be a time: 16:01
[00:35:45.628]     >>> HR 280 = 1602  could be a time: 16:02
[00:35:45.629]     >>> HR 281 = 4     could be a time: 00:04
[00:35:45.629]     >>> HR 282 = 1701  could be a time: 17:01
[00:35:45.630]     >>> HR 283 = 1702  could be a time: 17:02
[00:35:45.630]     >>> HR 284 = 4     could be a time: 00:04
[00:35:45.630]     >>> HR 285 = 1801  could be a time: 18:01
[00:35:45.631]     >>> HR 286 = 1802  could be a time: 18:02
[00:35:45.631]     >>> HR 287 = 4     could be a time: 00:04
[00:35:45.632]     >>> HR 288 = 1901  could be a time: 19:01
[00:35:45.632]     >>> HR 289 = 1902  could be a time: 19:02
[00:35:45.632]     >>> HR 290 = 4     could be a time: 00:04
[00:35:45.633]     >>> HR 291 = 2001  could be a time: 20:01
[00:35:45.633]     >>> HR 292 = 2002  could be a time: 20:02
[00:35:45.634]     >>> HR 293 = 4     could be a time: 00:04
[00:35:45.634]     >>> HR 294 = 2101  could be a time: 21:01
[00:35:45.634]     >>> HR 295 = 2102  could be a time: 21:02
[00:35:45.635]     >>> HR 296 = 4     could be a time: 00:04
[00:35:45.635]     >>> HR 297 = 2201  could be a time: 22:01
[00:35:45.636]     >>> HR 298 = 2202  could be a time: 22:02
[00:35:45.638]     >>> HR 299 = 4     could be a time: 00:04
[00:35:46.639] --- Probe HR-E: HR(1100,22) three-phase slot block - expect timeout ---
[00:35:46.639] TX HEX: 59590001001c01024142313233344735363700000000000000081103044c00160673
[00:35:52.650] Probe HR-E RESULT: NO RESPONSE in 6s
[00:35:53.652] --- Probe HR-F: HR(1113,9)  three-phase slots at exact base ---
[00:35:53.653] TX HEX: 59590001001c0102414231323334473536370000000000000008110304590009567f
[00:35:59.665] Probe HR-F RESULT: NO RESPONSE in 6s
[00:36:00.667] --- Probe CTRL-2: IR(0,60)    control - link still alive at the end ---
[00:36:00.667] TX HEX: 59590001001c010241423132333447353637000000000000000811040000003cf28b
[00:36:00.817] FRAME #6 len=164 func=02
      0000  59 59 00 01 00 9e 01 02 57 4a 32 33 32 37 47 30   YY......WJ2327G0
      0010  37 33 00 00 00 00 00 00 00 8a 11 04 43 48 32 33   73..........CH23
      0020  32 37 47 30 37 33 00 00 00 3c 00 01 00 00 00 00   27G073...<......
      0030  10 b8 00 00 09 6e 00 01 33 20 00 00 00 00 00 11   .....n..3 ......
      0040  00 02 06 42 13 86 00 05 0c 7b 03 e8 00 00 00 00   ...B.....{......
      0050  00 00 00 00 00 01 b3 ff 00 00 01 6f 00 00 00 0b   ...........o....
      0060  00 00 a5 bc 02 00 ff f1 01 5d 00 00 c9 2d 00 00   .........]...-..
      0070  00 0a 00 09 00 00 00 00 00 00 00 00 01 75 01 73   .............u.s
      0080  01 71 00 00 00 00 75 70 00 00 57 d8 00 01 7c d2   .q....up..W...|.
      0090  00 82 01 a2 09 6e 13 86 01 75 00 e1 00 00 00 b4   .....n...u......
      00a0  00 63 d3 49                                       .c.I
[00:36:00.818] Probe CTRL-2 RESULT: OK - MATCHED in 0.149s
[00:36:00.819]   Register dump (slave=0x11 IR base=0 count=60):
[00:36:00.820]     IR0000=    1  IR0003= 4280  IR0005= 2414  IR0006=    1  IR0007=13088  IR0010=   17
[00:36:00.820]     IR0011=    2  IR0012= 1602  IR0013= 4998  IR0014=    5  IR0015= 3195  IR0016= 1000
[00:36:00.821]     IR0021=    1  IR0022=46079  IR0024=  367  IR0026=   11  IR0028=42428  IR0029=  512
[00:36:00.821]     IR0030=65521  IR0031=  349  IR0033=51501  IR0035=   10  IR0036=    9  IR0041=  373
[00:36:00.822]     IR0042=  371  IR0043=  369  IR0046=30064  IR0048=22488  IR0049=    1  IR0050=31954
[00:36:00.822]     IR0051=  130  IR0052=  418  IR0053= 2414  IR0054= 4998  IR0055=  373  IR0056=  225
[00:36:00.823]     IR0058=  180  IR0059=   99
[00:36:01.824] 
[00:36:01.824] ================================================================
[00:36:01.825] SLOT HUNT SUMMARY
[00:36:01.825] ================================================================
[00:36:01.826]   CTRL-1  IR(0,60)    control - live data, should always work  OK ok in 0.164s
[00:36:01.827]   HR-A    HR(0,60)    charge2 31/32, dis2 44/45, dis1 56/57    OK ok in 1.437s
[00:36:01.827]   HR-B    HR(60,60)   charge1 94/95, enable 96, target 116     OK ok in 0.157s
[00:36:01.828]   HR-C    HR(120,60)  config block 3                           OK ok in 0.152s
[00:36:01.828]   HR-D    HR(240,60)  extended slots 3-10 + SOC targets        OK ok in 0.185s
[00:36:01.829]   HR-E    HR(1100,22) three-phase slot block - expect timeout  X  timeout
[00:36:01.829]   HR-F    HR(1113,9)  three-phase slots at exact base          X  timeout
[00:36:01.830]   CTRL-2  IR(0,60)    control - link still alive at the end    OK ok in 0.149s
[00:36:01.830] 
[00:36:01.831] Registers holding plausible HH:MM times:
[00:36:01.831]   HR    1 = 3     -> 00:03
[00:36:01.832]   HR    7 = 1     -> 00:01
[00:36:01.832]   HR   18 = 13    -> 00:13
[00:36:01.833]   HR   19 = 620   -> 06:20
[00:36:01.833]   HR   21 = 620   -> 06:20
[00:36:01.833]   HR   22 = 2     -> 00:02
[00:36:01.834]   HR   27 = 1     -> 00:01
[00:36:01.834]   HR   30 = 17    -> 00:17
[00:36:01.835]   HR   31 = 1     -> 00:01
[00:36:01.835]   HR   33 = 7     -> 00:07
[00:36:01.836]   HR   34 = 140   -> 01:40
[00:36:01.836]   HR   35 = 26    -> 00:26
[00:36:01.836]   HR   36 = 6     -> 00:06
[00:36:01.837]   HR   37 = 11    -> 00:11
[00:36:01.837]   HR   39 = 35    -> 00:35
[00:36:01.838]   HR   40 = 38    -> 00:38
[00:36:01.838]   HR   44 = 1401  -> 14:01
[00:36:01.838]   HR   45 = 1402  -> 14:02
[00:36:01.839]   HR   46 = 13    -> 00:13
[00:36:01.839]   HR   47 = 1     -> 00:01
[00:36:01.840]   HR   50 = 100   -> 01:00
[00:36:01.840]   HR   53 = 1     -> 00:01
[00:36:01.841]   HR   54 = 1     -> 00:01
[00:36:01.842]   HR   55 = 52    -> 00:52
[00:36:01.844]   HR   56 = 1301  -> 13:01
[00:36:01.845]   HR   57 = 1302  -> 13:02
[00:36:01.845]   HR   58 = 1     -> 00:01
[00:36:01.845]   HR   60 = 1500  -> 15:00
[00:36:01.846]   HR   61 = 30    -> 00:30
[00:36:01.846]   HR   62 = 30    -> 00:30
[00:36:01.846]   HR   63 = 1840  -> 18:40
[00:36:01.847]   HR   67 = 125   -> 01:25
[00:36:01.847]   HR   68 = 50    -> 00:50
[00:36:01.848]   HR   69 = 1000  -> 10:00
[00:36:01.848]   HR   70 = 25    -> 00:25
[00:36:01.848]   HR   71 = 1800  -> 18:00
[00:36:01.849]   HR   75 = 122   -> 01:22
[00:36:01.849]   HR   76 = 25    -> 00:25
[00:36:01.849]   HR   77 = 25    -> 00:25
[00:36:01.850]   HR   78 = 25    -> 00:25
[00:36:01.850]   HR   94 = 101   -> 01:01
[00:36:01.851]   HR   95 = 102   -> 01:02
[00:36:01.851]   HR  101 = 100   -> 01:00
[00:36:01.851]   HR  108 = 6     -> 00:06
[00:36:01.852]   HR  109 = 1     -> 00:01
[00:36:01.852]   HR  110 = 4     -> 00:04
[00:36:01.853]   HR  111 = 50    -> 00:50
[00:36:01.853]   HR  112 = 50    -> 00:50
[00:36:01.853]   HR  114 = 4     -> 00:04
[00:36:01.854]   HR  115 = 1     -> 00:01
[00:36:01.854]   HR  116 = 100   -> 01:00
[00:36:01.854]   HR  123 = 24    -> 00:24
[00:36:01.855]   HR  124 = 1     -> 00:01
[00:36:01.855]   HR  125 = 1     -> 00:01
[00:36:01.856]   HR  128 = 1     -> 00:01
[00:36:01.856]   HR  129 = 1     -> 00:01
[00:36:01.856]   HR  130 = 255   -> 02:55
[00:36:01.859]   HR  132 = 255   -> 02:55
[00:36:01.859]   HR  134 = 255   -> 02:55
[00:36:01.860]   HR  136 = 255   -> 02:55
[00:36:01.860]   HR  140 = 2116  -> 21:16
[00:36:01.861]   HR  142 = 20    -> 00:20
[00:36:01.861]   HR  143 = 5     -> 00:05
[00:36:01.861]   HR  145 = 2300  -> 23:00
[00:36:01.862]   HR  166 = 1     -> 00:01
[00:36:01.862]   HR  167 = 1     -> 00:01
[00:36:01.862]   HR  176 = 15    -> 00:15
[00:36:01.863]   HR  177 = 1     -> 00:01
[00:36:01.863]   HR  242 = 100   -> 01:00
[00:36:01.864]   HR  243 = 201   -> 02:01
[00:36:01.864]   HR  244 = 202   -> 02:02
[00:36:01.864]   HR  245 = 100   -> 01:00
[00:36:01.865]   HR  246 = 301   -> 03:01
[00:36:01.865]   HR  247 = 302   -> 03:02
[00:36:01.865]   HR  248 = 100   -> 01:00
[00:36:01.866]   HR  249 = 401   -> 04:01
[00:36:01.866]   HR  250 = 402   -> 04:02
[00:36:01.867]   HR  251 = 100   -> 01:00
[00:36:01.867]   HR  252 = 501   -> 05:01
[00:36:01.867]   HR  253 = 502   -> 05:02
[00:36:01.868]   HR  254 = 100   -> 01:00
[00:36:01.868]   HR  255 = 601   -> 06:01
[00:36:01.869]   HR  256 = 602   -> 06:02
[00:36:01.869]   HR  257 = 100   -> 01:00
[00:36:01.869]   HR  258 = 701   -> 07:01
[00:36:01.870]   HR  259 = 702   -> 07:02
[00:36:01.870]   HR  260 = 100   -> 01:00
[00:36:01.870]   HR  261 = 801   -> 08:01
[00:36:01.871]   HR  262 = 802   -> 08:02
[00:36:01.871]   HR  263 = 100   -> 01:00
[00:36:01.872]   HR  264 = 901   -> 09:01
[00:36:01.872]   HR  265 = 902   -> 09:02
[00:36:01.874]   HR  266 = 100   -> 01:00
[00:36:01.875]   HR  267 = 1001  -> 10:01
[00:36:01.875]   HR  268 = 1002  -> 10:02
[00:36:01.876]   HR  269 = 100   -> 01:00
[00:36:01.876]   HR  272 = 4     -> 00:04
[00:36:01.877]   HR  275 = 4     -> 00:04
[00:36:01.877]   HR  276 = 1501  -> 15:01
[00:36:01.877]   HR  277 = 1502  -> 15:02
[00:36:01.878]   HR  278 = 4     -> 00:04
[00:36:01.878]   HR  279 = 1601  -> 16:01
[00:36:01.878]   HR  280 = 1602  -> 16:02
[00:36:01.879]   HR  281 = 4     -> 00:04
[00:36:01.879]   HR  282 = 1701  -> 17:01
[00:36:01.880]   HR  283 = 1702  -> 17:02
[00:36:01.880]   HR  284 = 4     -> 00:04
[00:36:01.880]   HR  285 = 1801  -> 18:01
[00:36:01.881]   HR  286 = 1802  -> 18:02
[00:36:01.881]   HR  287 = 4     -> 00:04
[00:36:01.881]   HR  288 = 1901  -> 19:01
[00:36:01.882]   HR  289 = 1902  -> 19:02
[00:36:01.882]   HR  290 = 4     -> 00:04
[00:36:01.883]   HR  291 = 2001  -> 20:01
[00:36:01.883]   HR  292 = 2002  -> 20:02
[00:36:01.883]   HR  293 = 4     -> 00:04
[00:36:01.884]   HR  294 = 2101  -> 21:01
[00:36:01.884]   HR  295 = 2102  -> 21:02
[00:36:01.885]   HR  296 = 4     -> 00:04
[00:36:01.885]   HR  297 = 2201  -> 22:01
[00:36:01.885]   HR  298 = 2202  -> 22:02
[00:36:01.886]   HR  299 = 4     -> 00:04
[00:36:01.886] 
[00:36:01.886] Compare these against the schedule times you set in the GivEnergy
[00:36:01.887] app — matching pairs are the slot start/end registers.
[00:36:01.887] 
[00:36:01.888] Done — you can close this window.
[00:36:01.890] ----------------------------------------------------------------
[00:36:01.890] RESULT SUMMARY
[00:36:01.891]   Mode:                 SLOT HUNT (HR sweep for schedule slots)
[00:36:01.891]   Adapter serial seen:  not seen
[00:36:01.892]   Replies received:     6
[00:36:01.892]   Slave address(es):    0x11
[00:36:01.892]   Longest gap:          0s
[00:36:01.893]   Heartbeats / acked:   0 / yes
[00:36:01.893]   Total frames / bytes: 6 / 984
[00:36:01.894] Please send back:  capture_20260611_003531.bin  and  capture_20260611_003531.log
